2025-10-17 10:51:56,548 - INFO: Training Configuration:
2025-10-17 10:51:56,548 - INFO: {
  "function": "tanh",
  "x_range": [
    -5.0,
    5.0
  ],
  "num_entries": 10,
  "total_epochs": 40000,
  "warmup_epochs": 1000,
  "base_lr": 0.001,
  "weight_decay": 0.0001,
  "range_weight": 0.1,
  "prox_weight": 0.1,
  "device": "cpu"
}
2025-10-17 10:51:56,551 - INFO: Epoch [0/40000], Total Loss: 1.893e-02, Main Loss: 1.893e-02, Range Loss: 0.000e+00, Prox Loss: 0.000e+00, LR: 1.009e-04
2025-10-17 10:51:57,676 - INFO: Epoch [500/40000], Total Loss: 1.131e-02, Main Loss: 1.131e-02, Range Loss: 0.000e+00, Prox Loss: 0.000e+00, LR: 5.509e-04
2025-10-17 10:51:58,742 - INFO: Epoch [1000/40000], Total Loss: 1.092e-02, Main Loss: 1.092e-02, Range Loss: 0.000e+00, Prox Loss: 0.000e+00, LR: 1.000e-03
2025-10-17 10:51:59,850 - INFO: Epoch [1500/40000], Total Loss: 8.310e-03, Main Loss: 8.310e-03, Range Loss: 0.000e+00, Prox Loss: 0.000e+00, LR: 9.996e-04
2025-10-17 10:52:00,969 - INFO: Epoch [2000/40000], Total Loss: 7.598e-03, Main Loss: 7.598e-03, Range Loss: 0.000e+00, Prox Loss: 0.000e+00, LR: 9.984e-04
2025-10-17 10:52:02,061 - INFO: Epoch [2500/40000], Total Loss: 7.171e-03, Main Loss: 7.171e-03, Range Loss: 0.000e+00, Prox Loss: 0.000e+00, LR: 9.964e-04
2025-10-17 10:52:03,260 - INFO: Epoch [3000/40000], Total Loss: 6.743e-03, Main Loss: 6.743e-03, Range Loss: 0.000e+00, Prox Loss: 0.000e+00, LR: 9.936e-04
2025-10-17 10:52:04,503 - INFO: Epoch [3500/40000], Total Loss: 6.458e-03, Main Loss: 6.458e-03, Range Loss: 0.000e+00, Prox Loss: 0.000e+00, LR: 9.900e-04
2025-10-17 10:52:05,615 - INFO: Epoch [4000/40000], Total Loss: 6.341e-03, Main Loss: 6.341e-03, Range Loss: 0.000e+00, Prox Loss: 0.000e+00, LR: 9.856e-04
2025-10-17 10:52:06,710 - INFO: Epoch [4500/40000], Total Loss: 5.625e-03, Main Loss: 5.625e-03, Range Loss: 0.000e+00, Prox Loss: 0.000e+00, LR: 9.804e-04
2025-10-17 10:52:07,829 - INFO: Epoch [5000/40000], Total Loss: 5.492e-03, Main Loss: 5.492e-03, Range Loss: 0.000e+00, Prox Loss: 0.000e+00, LR: 9.745e-04
2025-10-17 10:52:08,931 - INFO: Epoch [5500/40000], Total Loss: 5.402e-03, Main Loss: 5.402e-03, Range Loss: 0.000e+00, Prox Loss: 0.000e+00, LR: 9.678e-04
2025-10-17 10:52:10,221 - INFO: Epoch [6000/40000], Total Loss: 5.462e-03, Main Loss: 5.462e-03, Range Loss: 0.000e+00, Prox Loss: 0.000e+00, LR: 9.604e-04
2025-10-17 10:52:11,366 - INFO: Epoch [6500/40000], Total Loss: 5.542e-03, Main Loss: 5.542e-03, Range Loss: 0.000e+00, Prox Loss: 0.000e+00, LR: 9.522e-04
2025-10-17 10:52:12,491 - INFO: Epoch [7000/40000], Total Loss: 6.953e-03, Main Loss: 6.953e-03, Range Loss: 0.000e+00, Prox Loss: 0.000e+00, LR: 9.433e-04
2025-10-17 10:52:13,779 - INFO: Epoch [7500/40000], Total Loss: 5.653e-03, Main Loss: 5.653e-03, Range Loss: 0.000e+00, Prox Loss: 0.000e+00, LR: 9.337e-04
2025-10-17 10:52:15,141 - INFO: Epoch [8000/40000], Total Loss: 5.401e-03, Main Loss: 5.401e-03, Range Loss: 0.000e+00, Prox Loss: 0.000e+00, LR: 9.233e-04
2025-10-17 10:52:16,253 - INFO: Epoch [8500/40000], Total Loss: 5.310e-03, Main Loss: 5.310e-03, Range Loss: 0.000e+00, Prox Loss: 0.000e+00, LR: 9.124e-04
2025-10-17 10:52:17,357 - INFO: Epoch [9000/40000], Total Loss: 5.220e-03, Main Loss: 5.220e-03, Range Loss: 0.000e+00, Prox Loss: 0.000e+00, LR: 9.007e-04
2025-10-17 10:52:18,624 - INFO: Epoch [9500/40000], Total Loss: 5.163e-03, Main Loss: 5.163e-03, Range Loss: 0.000e+00, Prox Loss: 0.000e+00, LR: 8.884e-04
2025-10-17 10:52:19,972 - INFO: Epoch [10000/40000], Total Loss: 5.019e-03, Main Loss: 5.019e-03, Range Loss: 0.000e+00, Prox Loss: 0.000e+00, LR: 8.755e-04
2025-10-17 10:52:21,404 - INFO: Epoch [10500/40000], Total Loss: 4.992e-03, Main Loss: 4.992e-03, Range Loss: 0.000e+00, Prox Loss: 0.000e+00, LR: 8.620e-04
2025-10-17 10:52:22,512 - INFO: Epoch [11000/40000], Total Loss: 4.906e-03, Main Loss: 4.906e-03, Range Loss: 0.000e+00, Prox Loss: 0.000e+00, LR: 8.479e-04
2025-10-17 10:52:23,835 - INFO: Epoch [11500/40000], Total Loss: 4.830e-03, Main Loss: 4.830e-03, Range Loss: 0.000e+00, Prox Loss: 0.000e+00, LR: 8.332e-04
2025-10-17 10:52:24,962 - INFO: Epoch [12000/40000], Total Loss: 4.781e-03, Main Loss: 4.781e-03, Range Loss: 0.000e+00, Prox Loss: 0.000e+00, LR: 8.180e-04
2025-10-17 10:52:26,305 - INFO: Epoch [12500/40000], Total Loss: 4.703e-03, Main Loss: 4.703e-03, Range Loss: 0.000e+00, Prox Loss: 0.000e+00, LR: 8.023e-04
2025-10-17 10:52:27,381 - INFO: Epoch [13000/40000], Total Loss: 4.634e-03, Main Loss: 4.634e-03, Range Loss: 0.000e+00, Prox Loss: 0.000e+00, LR: 7.862e-04
2025-10-17 10:52:28,453 - INFO: Epoch [13500/40000], Total Loss: 4.569e-03, Main Loss: 4.569e-03, Range Loss: 0.000e+00, Prox Loss: 0.000e+00, LR: 7.695e-04
2025-10-17 10:52:29,546 - INFO: Epoch [14000/40000], Total Loss: 4.499e-03, Main Loss: 4.499e-03, Range Loss: 0.000e+00, Prox Loss: 0.000e+00, LR: 7.525e-04
2025-10-17 10:52:30,664 - INFO: Epoch [14500/40000], Total Loss: 4.464e-03, Main Loss: 4.464e-03, Range Loss: 0.000e+00, Prox Loss: 0.000e+00, LR: 7.350e-04
2025-10-17 10:52:31,791 - INFO: Epoch [15000/40000], Total Loss: 4.398e-03, Main Loss: 4.398e-03, Range Loss: 0.000e+00, Prox Loss: 0.000e+00, LR: 7.172e-04
2025-10-17 10:52:32,959 - INFO: Epoch [15500/40000], Total Loss: 4.397e-03, Main Loss: 4.397e-03, Range Loss: 0.000e+00, Prox Loss: 0.000e+00, LR: 6.990e-04
2025-10-17 10:52:34,058 - INFO: Epoch [16000/40000], Total Loss: 4.211e-03, Main Loss: 4.211e-03, Range Loss: 0.000e+00, Prox Loss: 0.000e+00, LR: 6.805e-04
2025-10-17 10:52:35,151 - INFO: Epoch [16500/40000], Total Loss: 4.306e-03, Main Loss: 4.306e-03, Range Loss: 0.000e+00, Prox Loss: 0.000e+00, LR: 6.617e-04
2025-10-17 10:52:36,264 - INFO: Epoch [17000/40000], Total Loss: 4.377e-03, Main Loss: 4.377e-03, Range Loss: 0.000e+00, Prox Loss: 0.000e+00, LR: 6.427e-04
2025-10-17 10:52:37,375 - INFO: Epoch [17500/40000], Total Loss: 4.321e-03, Main Loss: 4.321e-03, Range Loss: 0.000e+00, Prox Loss: 0.000e+00, LR: 6.234e-04
2025-10-17 10:52:38,483 - INFO: Epoch [18000/40000], Total Loss: 4.286e-03, Main Loss: 4.286e-03, Range Loss: 0.000e+00, Prox Loss: 0.000e+00, LR: 6.040e-04
2025-10-17 10:52:39,598 - INFO: Epoch [18500/40000], Total Loss: 4.275e-03, Main Loss: 4.275e-03, Range Loss: 0.000e+00, Prox Loss: 0.000e+00, LR: 5.844e-04
2025-10-17 10:52:40,932 - INFO: Epoch [19000/40000], Total Loss: 4.048e-03, Main Loss: 4.048e-03, Range Loss: 0.000e+00, Prox Loss: 0.000e+00, LR: 5.646e-04
2025-10-17 10:52:42,318 - INFO: Epoch [19500/40000], Total Loss: 4.312e-03, Main Loss: 4.312e-03, Range Loss: 0.000e+00, Prox Loss: 0.000e+00, LR: 5.448e-04
2025-10-17 10:52:43,710 - INFO: Epoch [20000/40000], Total Loss: 4.072e-03, Main Loss: 4.072e-03, Range Loss: 0.000e+00, Prox Loss: 0.000e+00, LR: 5.249e-04
2025-10-17 10:52:44,904 - INFO: Epoch [20500/40000], Total Loss: 4.057e-03, Main Loss: 4.057e-03, Range Loss: 0.000e+00, Prox Loss: 0.000e+00, LR: 5.050e-04
2025-10-17 10:52:46,498 - INFO: Epoch [21000/40000], Total Loss: 4.087e-03, Main Loss: 4.087e-03, Range Loss: 0.000e+00, Prox Loss: 0.000e+00, LR: 4.850e-04
2025-10-17 10:52:47,843 - INFO: Epoch [21500/40000], Total Loss: 3.964e-03, Main Loss: 3.964e-03, Range Loss: 0.000e+00, Prox Loss: 0.000e+00, LR: 4.651e-04
2025-10-17 10:52:48,933 - INFO: Epoch [22000/40000], Total Loss: 3.976e-03, Main Loss: 3.976e-03, Range Loss: 0.000e+00, Prox Loss: 0.000e+00, LR: 4.453e-04
2025-10-17 10:52:50,312 - INFO: Epoch [22500/40000], Total Loss: 3.996e-03, Main Loss: 3.996e-03, Range Loss: 0.000e+00, Prox Loss: 0.000e+00, LR: 4.256e-04
2025-10-17 10:52:51,422 - INFO: Epoch [23000/40000], Total Loss: 3.876e-03, Main Loss: 3.876e-03, Range Loss: 0.000e+00, Prox Loss: 0.000e+00, LR: 4.059e-04
2025-10-17 10:52:52,657 - INFO: Epoch [23500/40000], Total Loss: 4.260e-03, Main Loss: 4.260e-03, Range Loss: 0.000e+00, Prox Loss: 0.000e+00, LR: 3.865e-04
2025-10-17 10:52:54,018 - INFO: Epoch [24000/40000], Total Loss: 4.564e-03, Main Loss: 4.564e-03, Range Loss: 0.000e+00, Prox Loss: 0.000e+00, LR: 3.672e-04
2025-10-17 10:52:55,291 - INFO: Epoch [24500/40000], Total Loss: 3.819e-03, Main Loss: 3.819e-03, Range Loss: 0.000e+00, Prox Loss: 0.000e+00, LR: 3.482e-04
2025-10-17 10:52:56,452 - INFO: Epoch [25000/40000], Total Loss: 3.803e-03, Main Loss: 3.803e-03, Range Loss: 0.000e+00, Prox Loss: 0.000e+00, LR: 3.294e-04
2025-10-17 10:52:57,793 - INFO: Epoch [25500/40000], Total Loss: 3.808e-03, Main Loss: 3.808e-03, Range Loss: 0.000e+00, Prox Loss: 0.000e+00, LR: 3.109e-04
2025-10-17 10:52:58,927 - INFO: Epoch [26000/40000], Total Loss: 3.779e-03, Main Loss: 3.779e-03, Range Loss: 0.000e+00, Prox Loss: 0.000e+00, LR: 2.928e-04
2025-10-17 10:53:00,278 - INFO: Epoch [26500/40000], Total Loss: 3.761e-03, Main Loss: 3.761e-03, Range Loss: 0.000e+00, Prox Loss: 0.000e+00, LR: 2.749e-04
2025-10-17 10:53:01,411 - INFO: Epoch [27000/40000], Total Loss: 3.745e-03, Main Loss: 3.745e-03, Range Loss: 0.000e+00, Prox Loss: 0.000e+00, LR: 2.575e-04
2025-10-17 10:53:02,799 - INFO: Epoch [27500/40000], Total Loss: 3.730e-03, Main Loss: 3.730e-03, Range Loss: 0.000e+00, Prox Loss: 0.000e+00, LR: 2.404e-04
2025-10-17 10:53:03,890 - INFO: Epoch [28000/40000], Total Loss: 3.720e-03, Main Loss: 3.720e-03, Range Loss: 0.000e+00, Prox Loss: 0.000e+00, LR: 2.238e-04
2025-10-17 10:53:04,992 - INFO: Epoch [28500/40000], Total Loss: 3.700e-03, Main Loss: 3.700e-03, Range Loss: 0.000e+00, Prox Loss: 0.000e+00, LR: 2.076e-04
2025-10-17 10:53:06,171 - INFO: Epoch [29000/40000], Total Loss: 3.688e-03, Main Loss: 3.688e-03, Range Loss: 0.000e+00, Prox Loss: 0.000e+00, LR: 1.919e-04
2025-10-17 10:53:07,266 - INFO: Epoch [29500/40000], Total Loss: 3.675e-03, Main Loss: 3.675e-03, Range Loss: 0.000e+00, Prox Loss: 0.000e+00, LR: 1.767e-04
2025-10-17 10:53:08,367 - INFO: Epoch [30000/40000], Total Loss: 3.689e-03, Main Loss: 3.689e-03, Range Loss: 0.000e+00, Prox Loss: 0.000e+00, LR: 1.621e-04
2025-10-17 10:53:09,836 - INFO: Epoch [30500/40000], Total Loss: 3.646e-03, Main Loss: 3.646e-03, Range Loss: 0.000e+00, Prox Loss: 0.000e+00, LR: 1.480e-04
2025-10-17 10:53:11,070 - INFO: Epoch [31000/40000], Total Loss: 3.631e-03, Main Loss: 3.631e-03, Range Loss: 0.000e+00, Prox Loss: 0.000e+00, LR: 1.345e-04
2025-10-17 10:53:12,167 - INFO: Epoch [31500/40000], Total Loss: 3.616e-03, Main Loss: 3.616e-03, Range Loss: 0.000e+00, Prox Loss: 0.000e+00, LR: 1.215e-04
2025-10-17 10:53:13,325 - INFO: Epoch [32000/40000], Total Loss: 3.600e-03, Main Loss: 3.600e-03, Range Loss: 0.000e+00, Prox Loss: 0.000e+00, LR: 1.093e-04
2025-10-17 10:53:14,504 - INFO: Epoch [32500/40000], Total Loss: 3.585e-03, Main Loss: 3.585e-03, Range Loss: 0.000e+00, Prox Loss: 0.000e+00, LR: 9.760e-05
2025-10-17 10:53:15,652 - INFO: Epoch [33000/40000], Total Loss: 3.572e-03, Main Loss: 3.572e-03, Range Loss: 0.000e+00, Prox Loss: 0.000e+00, LR: 8.661e-05
2025-10-17 10:53:16,787 - INFO: Epoch [33500/40000], Total Loss: 3.557e-03, Main Loss: 3.557e-03, Range Loss: 0.000e+00, Prox Loss: 0.000e+00, LR: 7.630e-05
2025-10-17 10:53:17,903 - INFO: Epoch [34000/40000], Total Loss: 3.542e-03, Main Loss: 3.542e-03, Range Loss: 0.000e+00, Prox Loss: 0.000e+00, LR: 6.668e-05
2025-10-17 10:53:19,552 - INFO: Epoch [34500/40000], Total Loss: 3.529e-03, Main Loss: 3.529e-03, Range Loss: 0.000e+00, Prox Loss: 0.000e+00, LR: 5.777e-05
2025-10-17 10:53:20,934 - INFO: Epoch [35000/40000], Total Loss: 3.515e-03, Main Loss: 3.515e-03, Range Loss: 0.000e+00, Prox Loss: 0.000e+00, LR: 4.959e-05
2025-10-17 10:53:22,440 - INFO: Epoch [35500/40000], Total Loss: 3.502e-03, Main Loss: 3.502e-03, Range Loss: 0.000e+00, Prox Loss: 0.000e+00, LR: 4.215e-05
2025-10-17 10:53:23,605 - INFO: Epoch [36000/40000], Total Loss: 3.492e-03, Main Loss: 3.492e-03, Range Loss: 0.000e+00, Prox Loss: 0.000e+00, LR: 3.546e-05
2025-10-17 10:53:24,702 - INFO: Epoch [36500/40000], Total Loss: 3.481e-03, Main Loss: 3.481e-03, Range Loss: 0.000e+00, Prox Loss: 0.000e+00, LR: 2.953e-05
2025-10-17 10:53:26,086 - INFO: Epoch [37000/40000], Total Loss: 3.471e-03, Main Loss: 3.471e-03, Range Loss: 0.000e+00, Prox Loss: 0.000e+00, LR: 2.437e-05
2025-10-17 10:53:27,230 - INFO: Epoch [37500/40000], Total Loss: 3.461e-03, Main Loss: 3.461e-03, Range Loss: 0.000e+00, Prox Loss: 0.000e+00, LR: 2.000e-05
2025-10-17 10:53:28,356 - INFO: Epoch [38000/40000], Total Loss: 3.452e-03, Main Loss: 3.452e-03, Range Loss: 0.000e+00, Prox Loss: 0.000e+00, LR: 1.640e-05
2025-10-17 10:53:29,480 - INFO: Epoch [38500/40000], Total Loss: 3.443e-03, Main Loss: 3.443e-03, Range Loss: 0.000e+00, Prox Loss: 0.000e+00, LR: 1.360e-05
2025-10-17 10:53:30,594 - INFO: Epoch [39000/40000], Total Loss: 3.436e-03, Main Loss: 3.436e-03, Range Loss: 0.000e+00, Prox Loss: 0.000e+00, LR: 1.160e-05
2025-10-17 10:53:31,692 - INFO: Epoch [39500/40000], Total Loss: 3.429e-03, Main Loss: 3.429e-03, Range Loss: 0.000e+00, Prox Loss: 0.000e+00, LR: 1.040e-05
2025-10-17 10:53:32,814 - INFO: Epoch [39999/40000], Total Loss: 3.422e-03, Main Loss: 3.422e-03, Range Loss: 0.000e+00, Prox Loss: 0.000e+00, LR: 1.000e-05
2025-10-17 10:53:32,840 - INFO: MAE: 0.0034216275, MSE: 0.0000461047,
2025-10-17 10:53:32,840 - INFO: Model saved to log/tanh/10entry.pt
2025-10-17 10:53:32,840 - INFO: Training results saved to log/tanh/10entry.json
