2025-10-17 11:10:47,142 - INFO: Training Configuration:
2025-10-17 11:10:47,143 - INFO: {
  "function": "exp",
  "x_range": [
    -8.0,
    0.0
  ],
  "num_entries": 8,
  "total_epochs": 40000,
  "warmup_epochs": 1000,
  "base_lr": 0.001,
  "weight_decay": 0.0001,
  "range_weight": 0.1,
  "prox_weight": 0.1,
  "device": "cpu"
}
2025-10-17 11:10:47,146 - INFO: Epoch [0/40000], Total Loss: 3.913e-04, Main Loss: 3.913e-04, Range Loss: 0.000e+00, Prox Loss: 0.000e+00, LR: 1.009e-04
2025-10-17 11:10:48,409 - INFO: Epoch [500/40000], Total Loss: 6.289e-05, Main Loss: 6.289e-05, Range Loss: 0.000e+00, Prox Loss: 0.000e+00, LR: 5.509e-04
2025-10-17 11:10:49,725 - INFO: Epoch [1000/40000], Total Loss: 3.676e-05, Main Loss: 3.676e-05, Range Loss: 0.000e+00, Prox Loss: 0.000e+00, LR: 1.000e-03
2025-10-17 11:10:50,879 - INFO: Epoch [1500/40000], Total Loss: 2.309e-05, Main Loss: 2.309e-05, Range Loss: 0.000e+00, Prox Loss: 0.000e+00, LR: 9.996e-04
2025-10-17 11:10:51,978 - INFO: Epoch [2000/40000], Total Loss: 1.611e-05, Main Loss: 1.611e-05, Range Loss: 0.000e+00, Prox Loss: 0.000e+00, LR: 9.984e-04
2025-10-17 11:10:53,040 - INFO: Epoch [2500/40000], Total Loss: 1.178e-05, Main Loss: 1.178e-05, Range Loss: 0.000e+00, Prox Loss: 0.000e+00, LR: 9.964e-04
2025-10-17 11:10:54,152 - INFO: Epoch [3000/40000], Total Loss: 8.892e-06, Main Loss: 8.892e-06, Range Loss: 0.000e+00, Prox Loss: 0.000e+00, LR: 9.936e-04
2025-10-17 11:10:55,261 - INFO: Epoch [3500/40000], Total Loss: 7.086e-06, Main Loss: 7.086e-06, Range Loss: 0.000e+00, Prox Loss: 0.000e+00, LR: 9.900e-04
2025-10-17 11:10:56,345 - INFO: Epoch [4000/40000], Total Loss: 6.026e-06, Main Loss: 6.026e-06, Range Loss: 0.000e+00, Prox Loss: 0.000e+00, LR: 9.856e-04
2025-10-17 11:10:57,427 - INFO: Epoch [4500/40000], Total Loss: 5.400e-06, Main Loss: 5.400e-06, Range Loss: 0.000e+00, Prox Loss: 0.000e+00, LR: 9.804e-04
2025-10-17 11:10:58,542 - INFO: Epoch [5000/40000], Total Loss: 4.997e-06, Main Loss: 4.997e-06, Range Loss: 0.000e+00, Prox Loss: 0.000e+00, LR: 9.745e-04
2025-10-17 11:11:00,032 - INFO: Epoch [5500/40000], Total Loss: 4.757e-06, Main Loss: 4.757e-06, Range Loss: 0.000e+00, Prox Loss: 0.000e+00, LR: 9.678e-04
2025-10-17 11:11:01,131 - INFO: Epoch [6000/40000], Total Loss: 4.625e-06, Main Loss: 4.625e-06, Range Loss: 0.000e+00, Prox Loss: 0.000e+00, LR: 9.604e-04
2025-10-17 11:11:02,253 - INFO: Epoch [6500/40000], Total Loss: 4.533e-06, Main Loss: 4.533e-06, Range Loss: 0.000e+00, Prox Loss: 0.000e+00, LR: 9.522e-04
2025-10-17 11:11:03,378 - INFO: Epoch [7000/40000], Total Loss: 4.519e-06, Main Loss: 4.519e-06, Range Loss: 0.000e+00, Prox Loss: 0.000e+00, LR: 9.433e-04
2025-10-17 11:11:04,472 - INFO: Epoch [7500/40000], Total Loss: 4.513e-06, Main Loss: 4.513e-06, Range Loss: 0.000e+00, Prox Loss: 0.000e+00, LR: 9.337e-04
2025-10-17 11:11:05,531 - INFO: Epoch [8000/40000], Total Loss: 4.511e-06, Main Loss: 4.511e-06, Range Loss: 0.000e+00, Prox Loss: 0.000e+00, LR: 9.233e-04
2025-10-17 11:11:06,623 - INFO: Epoch [8500/40000], Total Loss: 4.510e-06, Main Loss: 4.510e-06, Range Loss: 0.000e+00, Prox Loss: 0.000e+00, LR: 9.124e-04
2025-10-17 11:11:07,724 - INFO: Epoch [9000/40000], Total Loss: 4.510e-06, Main Loss: 4.510e-06, Range Loss: 0.000e+00, Prox Loss: 0.000e+00, LR: 9.007e-04
2025-10-17 11:11:08,798 - INFO: Epoch [9500/40000], Total Loss: 4.510e-06, Main Loss: 4.510e-06, Range Loss: 0.000e+00, Prox Loss: 0.000e+00, LR: 8.884e-04
2025-10-17 11:11:09,874 - INFO: Epoch [10000/40000], Total Loss: 4.510e-06, Main Loss: 4.510e-06, Range Loss: 0.000e+00, Prox Loss: 0.000e+00, LR: 8.755e-04
2025-10-17 11:11:10,979 - INFO: Epoch [10500/40000], Total Loss: 4.510e-06, Main Loss: 4.510e-06, Range Loss: 0.000e+00, Prox Loss: 0.000e+00, LR: 8.620e-04
2025-10-17 11:11:12,113 - INFO: Epoch [11000/40000], Total Loss: 4.510e-06, Main Loss: 4.510e-06, Range Loss: 0.000e+00, Prox Loss: 0.000e+00, LR: 8.479e-04
2025-10-17 11:11:13,240 - INFO: Epoch [11500/40000], Total Loss: 4.511e-06, Main Loss: 4.511e-06, Range Loss: 0.000e+00, Prox Loss: 0.000e+00, LR: 8.332e-04
2025-10-17 11:11:14,302 - INFO: Epoch [12000/40000], Total Loss: 4.510e-06, Main Loss: 4.510e-06, Range Loss: 0.000e+00, Prox Loss: 0.000e+00, LR: 8.180e-04
2025-10-17 11:11:15,384 - INFO: Epoch [12500/40000], Total Loss: 4.511e-06, Main Loss: 4.511e-06, Range Loss: 0.000e+00, Prox Loss: 0.000e+00, LR: 8.023e-04
2025-10-17 11:11:16,484 - INFO: Epoch [13000/40000], Total Loss: 4.510e-06, Main Loss: 4.510e-06, Range Loss: 0.000e+00, Prox Loss: 0.000e+00, LR: 7.862e-04
2025-10-17 11:11:17,563 - INFO: Epoch [13500/40000], Total Loss: 4.510e-06, Main Loss: 4.510e-06, Range Loss: 0.000e+00, Prox Loss: 0.000e+00, LR: 7.695e-04
2025-10-17 11:11:18,635 - INFO: Epoch [14000/40000], Total Loss: 4.510e-06, Main Loss: 4.510e-06, Range Loss: 0.000e+00, Prox Loss: 0.000e+00, LR: 7.525e-04
2025-10-17 11:11:19,765 - INFO: Epoch [14500/40000], Total Loss: 4.510e-06, Main Loss: 4.510e-06, Range Loss: 0.000e+00, Prox Loss: 0.000e+00, LR: 7.350e-04
2025-10-17 11:11:20,868 - INFO: Epoch [15000/40000], Total Loss: 4.524e-06, Main Loss: 4.524e-06, Range Loss: 0.000e+00, Prox Loss: 0.000e+00, LR: 7.172e-04
2025-10-17 11:11:21,943 - INFO: Epoch [15500/40000], Total Loss: 4.510e-06, Main Loss: 4.510e-06, Range Loss: 0.000e+00, Prox Loss: 0.000e+00, LR: 6.990e-04
2025-10-17 11:11:23,021 - INFO: Epoch [16000/40000], Total Loss: 4.510e-06, Main Loss: 4.510e-06, Range Loss: 0.000e+00, Prox Loss: 0.000e+00, LR: 6.805e-04
2025-10-17 11:11:24,104 - INFO: Epoch [16500/40000], Total Loss: 4.528e-06, Main Loss: 4.528e-06, Range Loss: 0.000e+00, Prox Loss: 0.000e+00, LR: 6.617e-04
2025-10-17 11:11:25,167 - INFO: Epoch [17000/40000], Total Loss: 4.510e-06, Main Loss: 4.510e-06, Range Loss: 0.000e+00, Prox Loss: 0.000e+00, LR: 6.427e-04
2025-10-17 11:11:26,229 - INFO: Epoch [17500/40000], Total Loss: 4.510e-06, Main Loss: 4.510e-06, Range Loss: 0.000e+00, Prox Loss: 0.000e+00, LR: 6.234e-04
2025-10-17 11:11:27,304 - INFO: Epoch [18000/40000], Total Loss: 4.511e-06, Main Loss: 4.511e-06, Range Loss: 0.000e+00, Prox Loss: 0.000e+00, LR: 6.040e-04
2025-10-17 11:11:28,365 - INFO: Epoch [18500/40000], Total Loss: 4.510e-06, Main Loss: 4.510e-06, Range Loss: 0.000e+00, Prox Loss: 0.000e+00, LR: 5.844e-04
2025-10-17 11:11:29,418 - INFO: Epoch [19000/40000], Total Loss: 4.511e-06, Main Loss: 4.511e-06, Range Loss: 0.000e+00, Prox Loss: 0.000e+00, LR: 5.646e-04
2025-10-17 11:11:30,501 - INFO: Epoch [19500/40000], Total Loss: 4.510e-06, Main Loss: 4.510e-06, Range Loss: 0.000e+00, Prox Loss: 0.000e+00, LR: 5.448e-04
2025-10-17 11:11:31,549 - INFO: Epoch [20000/40000], Total Loss: 4.510e-06, Main Loss: 4.510e-06, Range Loss: 0.000e+00, Prox Loss: 0.000e+00, LR: 5.249e-04
2025-10-17 11:11:32,606 - INFO: Epoch [20500/40000], Total Loss: 4.510e-06, Main Loss: 4.510e-06, Range Loss: 0.000e+00, Prox Loss: 0.000e+00, LR: 5.050e-04
2025-10-17 11:11:33,673 - INFO: Epoch [21000/40000], Total Loss: 4.510e-06, Main Loss: 4.510e-06, Range Loss: 0.000e+00, Prox Loss: 0.000e+00, LR: 4.850e-04
2025-10-17 11:11:34,738 - INFO: Epoch [21500/40000], Total Loss: 4.510e-06, Main Loss: 4.510e-06, Range Loss: 0.000e+00, Prox Loss: 0.000e+00, LR: 4.651e-04
2025-10-17 11:11:35,809 - INFO: Epoch [22000/40000], Total Loss: 4.511e-06, Main Loss: 4.511e-06, Range Loss: 0.000e+00, Prox Loss: 0.000e+00, LR: 4.453e-04
2025-10-17 11:11:36,846 - INFO: Epoch [22500/40000], Total Loss: 4.510e-06, Main Loss: 4.510e-06, Range Loss: 0.000e+00, Prox Loss: 0.000e+00, LR: 4.256e-04
2025-10-17 11:11:37,898 - INFO: Epoch [23000/40000], Total Loss: 4.510e-06, Main Loss: 4.510e-06, Range Loss: 0.000e+00, Prox Loss: 0.000e+00, LR: 4.059e-04
2025-10-17 11:11:38,944 - INFO: Epoch [23500/40000], Total Loss: 4.518e-06, Main Loss: 4.518e-06, Range Loss: 0.000e+00, Prox Loss: 0.000e+00, LR: 3.865e-04
2025-10-17 11:11:40,000 - INFO: Epoch [24000/40000], Total Loss: 4.510e-06, Main Loss: 4.510e-06, Range Loss: 0.000e+00, Prox Loss: 0.000e+00, LR: 3.672e-04
2025-10-17 11:11:41,077 - INFO: Epoch [24500/40000], Total Loss: 4.510e-06, Main Loss: 4.510e-06, Range Loss: 0.000e+00, Prox Loss: 0.000e+00, LR: 3.482e-04
2025-10-17 11:11:42,140 - INFO: Epoch [25000/40000], Total Loss: 4.510e-06, Main Loss: 4.510e-06, Range Loss: 0.000e+00, Prox Loss: 0.000e+00, LR: 3.294e-04
2025-10-17 11:11:43,218 - INFO: Epoch [25500/40000], Total Loss: 4.510e-06, Main Loss: 4.510e-06, Range Loss: 0.000e+00, Prox Loss: 0.000e+00, LR: 3.109e-04
2025-10-17 11:11:44,280 - INFO: Epoch [26000/40000], Total Loss: 4.510e-06, Main Loss: 4.510e-06, Range Loss: 0.000e+00, Prox Loss: 0.000e+00, LR: 2.928e-04
2025-10-17 11:11:45,340 - INFO: Epoch [26500/40000], Total Loss: 4.510e-06, Main Loss: 4.510e-06, Range Loss: 0.000e+00, Prox Loss: 0.000e+00, LR: 2.749e-04
2025-10-17 11:11:46,393 - INFO: Epoch [27000/40000], Total Loss: 4.510e-06, Main Loss: 4.510e-06, Range Loss: 0.000e+00, Prox Loss: 0.000e+00, LR: 2.575e-04
2025-10-17 11:11:47,439 - INFO: Epoch [27500/40000], Total Loss: 4.510e-06, Main Loss: 4.510e-06, Range Loss: 0.000e+00, Prox Loss: 0.000e+00, LR: 2.404e-04
2025-10-17 11:11:48,496 - INFO: Epoch [28000/40000], Total Loss: 4.510e-06, Main Loss: 4.510e-06, Range Loss: 0.000e+00, Prox Loss: 0.000e+00, LR: 2.238e-04
2025-10-17 11:11:49,558 - INFO: Epoch [28500/40000], Total Loss: 4.510e-06, Main Loss: 4.510e-06, Range Loss: 0.000e+00, Prox Loss: 0.000e+00, LR: 2.076e-04
2025-10-17 11:11:50,644 - INFO: Epoch [29000/40000], Total Loss: 4.510e-06, Main Loss: 4.510e-06, Range Loss: 0.000e+00, Prox Loss: 0.000e+00, LR: 1.919e-04
2025-10-17 11:11:51,779 - INFO: Epoch [29500/40000], Total Loss: 4.510e-06, Main Loss: 4.510e-06, Range Loss: 0.000e+00, Prox Loss: 0.000e+00, LR: 1.767e-04
2025-10-17 11:11:52,939 - INFO: Epoch [30000/40000], Total Loss: 4.510e-06, Main Loss: 4.510e-06, Range Loss: 0.000e+00, Prox Loss: 0.000e+00, LR: 1.621e-04
2025-10-17 11:11:54,014 - INFO: Epoch [30500/40000], Total Loss: 4.510e-06, Main Loss: 4.510e-06, Range Loss: 0.000e+00, Prox Loss: 0.000e+00, LR: 1.480e-04
2025-10-17 11:11:55,074 - INFO: Epoch [31000/40000], Total Loss: 4.510e-06, Main Loss: 4.510e-06, Range Loss: 0.000e+00, Prox Loss: 0.000e+00, LR: 1.345e-04
2025-10-17 11:11:56,129 - INFO: Epoch [31500/40000], Total Loss: 4.510e-06, Main Loss: 4.510e-06, Range Loss: 0.000e+00, Prox Loss: 0.000e+00, LR: 1.215e-04
2025-10-17 11:11:57,195 - INFO: Epoch [32000/40000], Total Loss: 4.510e-06, Main Loss: 4.510e-06, Range Loss: 0.000e+00, Prox Loss: 0.000e+00, LR: 1.093e-04
2025-10-17 11:11:58,257 - INFO: Epoch [32500/40000], Total Loss: 4.514e-06, Main Loss: 4.514e-06, Range Loss: 0.000e+00, Prox Loss: 0.000e+00, LR: 9.760e-05
2025-10-17 11:11:59,311 - INFO: Epoch [33000/40000], Total Loss: 4.510e-06, Main Loss: 4.510e-06, Range Loss: 0.000e+00, Prox Loss: 0.000e+00, LR: 8.661e-05
2025-10-17 11:12:00,360 - INFO: Epoch [33500/40000], Total Loss: 4.510e-06, Main Loss: 4.510e-06, Range Loss: 0.000e+00, Prox Loss: 0.000e+00, LR: 7.630e-05
2025-10-17 11:12:01,451 - INFO: Epoch [34000/40000], Total Loss: 4.510e-06, Main Loss: 4.510e-06, Range Loss: 0.000e+00, Prox Loss: 0.000e+00, LR: 6.668e-05
2025-10-17 11:12:02,501 - INFO: Epoch [34500/40000], Total Loss: 4.510e-06, Main Loss: 4.510e-06, Range Loss: 0.000e+00, Prox Loss: 0.000e+00, LR: 5.777e-05
2025-10-17 11:12:03,549 - INFO: Epoch [35000/40000], Total Loss: 4.510e-06, Main Loss: 4.510e-06, Range Loss: 0.000e+00, Prox Loss: 0.000e+00, LR: 4.959e-05
2025-10-17 11:12:04,603 - INFO: Epoch [35500/40000], Total Loss: 4.510e-06, Main Loss: 4.510e-06, Range Loss: 0.000e+00, Prox Loss: 0.000e+00, LR: 4.215e-05
2025-10-17 11:12:05,651 - INFO: Epoch [36000/40000], Total Loss: 4.510e-06, Main Loss: 4.510e-06, Range Loss: 0.000e+00, Prox Loss: 0.000e+00, LR: 3.546e-05
2025-10-17 11:12:06,792 - INFO: Epoch [36500/40000], Total Loss: 4.510e-06, Main Loss: 4.510e-06, Range Loss: 0.000e+00, Prox Loss: 0.000e+00, LR: 2.953e-05
2025-10-17 11:12:07,971 - INFO: Epoch [37000/40000], Total Loss: 4.510e-06, Main Loss: 4.510e-06, Range Loss: 0.000e+00, Prox Loss: 0.000e+00, LR: 2.437e-05
2025-10-17 11:12:09,043 - INFO: Epoch [37500/40000], Total Loss: 4.510e-06, Main Loss: 4.510e-06, Range Loss: 0.000e+00, Prox Loss: 0.000e+00, LR: 2.000e-05
2025-10-17 11:12:10,114 - INFO: Epoch [38000/40000], Total Loss: 4.510e-06, Main Loss: 4.510e-06, Range Loss: 0.000e+00, Prox Loss: 0.000e+00, LR: 1.640e-05
2025-10-17 11:12:11,208 - INFO: Epoch [38500/40000], Total Loss: 4.510e-06, Main Loss: 4.510e-06, Range Loss: 0.000e+00, Prox Loss: 0.000e+00, LR: 1.360e-05
2025-10-17 11:12:12,260 - INFO: Epoch [39000/40000], Total Loss: 4.510e-06, Main Loss: 4.510e-06, Range Loss: 0.000e+00, Prox Loss: 0.000e+00, LR: 1.160e-05
2025-10-17 11:12:13,320 - INFO: Epoch [39500/40000], Total Loss: 4.510e-06, Main Loss: 4.510e-06, Range Loss: 0.000e+00, Prox Loss: 0.000e+00, LR: 1.040e-05
2025-10-17 11:12:14,363 - INFO: Epoch [39999/40000], Total Loss: 4.510e-06, Main Loss: 4.510e-06, Range Loss: 0.000e+00, Prox Loss: 0.000e+00, LR: 1.000e-05
2025-10-17 11:12:14,371 - INFO: MAE: 0.0015945897, MSE: 0.0000045104,
2025-10-17 11:12:14,371 - INFO: Model saved to log/exp/8entry.pt
2025-10-17 11:12:14,371 - INFO: Training results saved to log/exp/8entry.json
