2025-10-17 10:46:04,471 - INFO: Training Configuration:
2025-10-17 10:46:04,471 - INFO: {
  "function": "elu",
  "x_range": [
    -6.0,
    2.0
  ],
  "num_entries": 10,
  "total_epochs": 40000,
  "warmup_epochs": 1000,
  "base_lr": 0.001,
  "weight_decay": 0.0001,
  "range_weight": 0.1,
  "prox_weight": 0.1,
  "device": "cpu"
}
2025-10-17 10:46:04,475 - INFO: Epoch [0/40000], Total Loss: 1.112e-02, Main Loss: 1.112e-02, Range Loss: 0.000e+00, Prox Loss: 0.000e+00, LR: 1.009e-04
2025-10-17 10:46:05,583 - INFO: Epoch [500/40000], Total Loss: 3.451e-03, Main Loss: 3.451e-03, Range Loss: 0.000e+00, Prox Loss: 0.000e+00, LR: 5.509e-04
2025-10-17 10:46:06,681 - INFO: Epoch [1000/40000], Total Loss: 2.874e-03, Main Loss: 2.874e-03, Range Loss: 0.000e+00, Prox Loss: 0.000e+00, LR: 1.000e-03
2025-10-17 10:46:07,743 - INFO: Epoch [1500/40000], Total Loss: 2.717e-03, Main Loss: 2.717e-03, Range Loss: 0.000e+00, Prox Loss: 0.000e+00, LR: 9.996e-04
2025-10-17 10:46:08,819 - INFO: Epoch [2000/40000], Total Loss: 2.546e-03, Main Loss: 2.546e-03, Range Loss: 0.000e+00, Prox Loss: 0.000e+00, LR: 9.984e-04
2025-10-17 10:46:09,957 - INFO: Epoch [2500/40000], Total Loss: 2.435e-03, Main Loss: 2.435e-03, Range Loss: 0.000e+00, Prox Loss: 0.000e+00, LR: 9.964e-04
2025-10-17 10:46:11,123 - INFO: Epoch [3000/40000], Total Loss: 2.192e-03, Main Loss: 2.192e-03, Range Loss: 0.000e+00, Prox Loss: 0.000e+00, LR: 9.936e-04
2025-10-17 10:46:12,279 - INFO: Epoch [3500/40000], Total Loss: 2.238e-03, Main Loss: 2.238e-03, Range Loss: 0.000e+00, Prox Loss: 0.000e+00, LR: 9.900e-04
2025-10-17 10:46:13,385 - INFO: Epoch [4000/40000], Total Loss: 2.150e-03, Main Loss: 2.150e-03, Range Loss: 0.000e+00, Prox Loss: 0.000e+00, LR: 9.856e-04
2025-10-17 10:46:14,511 - INFO: Epoch [4500/40000], Total Loss: 2.064e-03, Main Loss: 2.064e-03, Range Loss: 0.000e+00, Prox Loss: 0.000e+00, LR: 9.804e-04
2025-10-17 10:46:15,595 - INFO: Epoch [5000/40000], Total Loss: 2.306e-03, Main Loss: 2.306e-03, Range Loss: 0.000e+00, Prox Loss: 0.000e+00, LR: 9.745e-04
2025-10-17 10:46:16,648 - INFO: Epoch [5500/40000], Total Loss: 3.273e-03, Main Loss: 3.273e-03, Range Loss: 0.000e+00, Prox Loss: 0.000e+00, LR: 9.678e-04
2025-10-17 10:46:17,746 - INFO: Epoch [6000/40000], Total Loss: 2.077e-03, Main Loss: 2.077e-03, Range Loss: 0.000e+00, Prox Loss: 0.000e+00, LR: 9.604e-04
2025-10-17 10:46:18,864 - INFO: Epoch [6500/40000], Total Loss: 2.178e-03, Main Loss: 2.178e-03, Range Loss: 0.000e+00, Prox Loss: 0.000e+00, LR: 9.522e-04
2025-10-17 10:46:19,942 - INFO: Epoch [7000/40000], Total Loss: 3.110e-03, Main Loss: 3.110e-03, Range Loss: 0.000e+00, Prox Loss: 0.000e+00, LR: 9.433e-04
2025-10-17 10:46:21,023 - INFO: Epoch [7500/40000], Total Loss: 3.067e-03, Main Loss: 3.067e-03, Range Loss: 0.000e+00, Prox Loss: 0.000e+00, LR: 9.337e-04
2025-10-17 10:46:22,088 - INFO: Epoch [8000/40000], Total Loss: 1.657e-03, Main Loss: 1.657e-03, Range Loss: 0.000e+00, Prox Loss: 0.000e+00, LR: 9.233e-04
2025-10-17 10:46:23,169 - INFO: Epoch [8500/40000], Total Loss: 1.805e-03, Main Loss: 1.805e-03, Range Loss: 0.000e+00, Prox Loss: 0.000e+00, LR: 9.124e-04
2025-10-17 10:46:24,246 - INFO: Epoch [9000/40000], Total Loss: 1.615e-03, Main Loss: 1.615e-03, Range Loss: 0.000e+00, Prox Loss: 0.000e+00, LR: 9.007e-04
2025-10-17 10:46:25,319 - INFO: Epoch [9500/40000], Total Loss: 1.852e-03, Main Loss: 1.852e-03, Range Loss: 0.000e+00, Prox Loss: 0.000e+00, LR: 8.884e-04
2025-10-17 10:46:26,379 - INFO: Epoch [10000/40000], Total Loss: 2.421e-03, Main Loss: 2.421e-03, Range Loss: 0.000e+00, Prox Loss: 0.000e+00, LR: 8.755e-04
2025-10-17 10:46:27,467 - INFO: Epoch [10500/40000], Total Loss: 2.301e-03, Main Loss: 2.301e-03, Range Loss: 0.000e+00, Prox Loss: 0.000e+00, LR: 8.620e-04
2025-10-17 10:46:28,535 - INFO: Epoch [11000/40000], Total Loss: 3.020e-03, Main Loss: 3.020e-03, Range Loss: 0.000e+00, Prox Loss: 0.000e+00, LR: 8.479e-04
2025-10-17 10:46:29,617 - INFO: Epoch [11500/40000], Total Loss: 2.475e-03, Main Loss: 2.475e-03, Range Loss: 0.000e+00, Prox Loss: 0.000e+00, LR: 8.332e-04
2025-10-17 10:46:30,682 - INFO: Epoch [12000/40000], Total Loss: 2.020e-03, Main Loss: 2.020e-03, Range Loss: 0.000e+00, Prox Loss: 0.000e+00, LR: 8.180e-04
2025-10-17 10:46:31,782 - INFO: Epoch [12500/40000], Total Loss: 2.350e-03, Main Loss: 2.350e-03, Range Loss: 0.000e+00, Prox Loss: 0.000e+00, LR: 8.023e-04
2025-10-17 10:46:32,896 - INFO: Epoch [13000/40000], Total Loss: 2.746e-03, Main Loss: 2.746e-03, Range Loss: 0.000e+00, Prox Loss: 0.000e+00, LR: 7.862e-04
2025-10-17 10:46:34,021 - INFO: Epoch [13500/40000], Total Loss: 2.787e-03, Main Loss: 2.787e-03, Range Loss: 0.000e+00, Prox Loss: 0.000e+00, LR: 7.695e-04
2025-10-17 10:46:35,166 - INFO: Epoch [14000/40000], Total Loss: 1.847e-03, Main Loss: 1.847e-03, Range Loss: 0.000e+00, Prox Loss: 0.000e+00, LR: 7.525e-04
2025-10-17 10:46:36,295 - INFO: Epoch [14500/40000], Total Loss: 2.375e-03, Main Loss: 2.375e-03, Range Loss: 0.000e+00, Prox Loss: 0.000e+00, LR: 7.350e-04
2025-10-17 10:46:37,446 - INFO: Epoch [15000/40000], Total Loss: 2.259e-03, Main Loss: 2.259e-03, Range Loss: 0.000e+00, Prox Loss: 0.000e+00, LR: 7.172e-04
2025-10-17 10:46:38,561 - INFO: Epoch [15500/40000], Total Loss: 1.884e-03, Main Loss: 1.884e-03, Range Loss: 0.000e+00, Prox Loss: 0.000e+00, LR: 6.990e-04
2025-10-17 10:46:39,675 - INFO: Epoch [16000/40000], Total Loss: 1.815e-03, Main Loss: 1.815e-03, Range Loss: 0.000e+00, Prox Loss: 0.000e+00, LR: 6.805e-04
2025-10-17 10:46:40,795 - INFO: Epoch [16500/40000], Total Loss: 2.131e-03, Main Loss: 2.131e-03, Range Loss: 0.000e+00, Prox Loss: 0.000e+00, LR: 6.617e-04
2025-10-17 10:46:41,911 - INFO: Epoch [17000/40000], Total Loss: 2.092e-03, Main Loss: 2.092e-03, Range Loss: 0.000e+00, Prox Loss: 0.000e+00, LR: 6.427e-04
2025-10-17 10:46:43,005 - INFO: Epoch [17500/40000], Total Loss: 1.543e-03, Main Loss: 1.543e-03, Range Loss: 0.000e+00, Prox Loss: 0.000e+00, LR: 6.234e-04
2025-10-17 10:46:44,165 - INFO: Epoch [18000/40000], Total Loss: 2.225e-03, Main Loss: 2.225e-03, Range Loss: 0.000e+00, Prox Loss: 0.000e+00, LR: 6.040e-04
2025-10-17 10:46:45,259 - INFO: Epoch [18500/40000], Total Loss: 1.814e-03, Main Loss: 1.814e-03, Range Loss: 0.000e+00, Prox Loss: 0.000e+00, LR: 5.844e-04
2025-10-17 10:46:46,338 - INFO: Epoch [19000/40000], Total Loss: 1.657e-03, Main Loss: 1.657e-03, Range Loss: 0.000e+00, Prox Loss: 0.000e+00, LR: 5.646e-04
2025-10-17 10:46:47,441 - INFO: Epoch [19500/40000], Total Loss: 1.763e-03, Main Loss: 1.763e-03, Range Loss: 0.000e+00, Prox Loss: 0.000e+00, LR: 5.448e-04
2025-10-17 10:46:48,571 - INFO: Epoch [20000/40000], Total Loss: 1.669e-03, Main Loss: 1.669e-03, Range Loss: 0.000e+00, Prox Loss: 0.000e+00, LR: 5.249e-04
2025-10-17 10:46:49,711 - INFO: Epoch [20500/40000], Total Loss: 1.844e-03, Main Loss: 1.844e-03, Range Loss: 0.000e+00, Prox Loss: 0.000e+00, LR: 5.050e-04
2025-10-17 10:46:50,824 - INFO: Epoch [21000/40000], Total Loss: 1.457e-03, Main Loss: 1.457e-03, Range Loss: 0.000e+00, Prox Loss: 0.000e+00, LR: 4.850e-04
2025-10-17 10:46:51,965 - INFO: Epoch [21500/40000], Total Loss: 1.697e-03, Main Loss: 1.697e-03, Range Loss: 0.000e+00, Prox Loss: 0.000e+00, LR: 4.651e-04
2025-10-17 10:46:53,072 - INFO: Epoch [22000/40000], Total Loss: 1.676e-03, Main Loss: 1.676e-03, Range Loss: 0.000e+00, Prox Loss: 0.000e+00, LR: 4.453e-04
2025-10-17 10:46:54,245 - INFO: Epoch [22500/40000], Total Loss: 1.759e-03, Main Loss: 1.759e-03, Range Loss: 0.000e+00, Prox Loss: 0.000e+00, LR: 4.256e-04
2025-10-17 10:46:55,415 - INFO: Epoch [23000/40000], Total Loss: 1.640e-03, Main Loss: 1.640e-03, Range Loss: 0.000e+00, Prox Loss: 0.000e+00, LR: 4.059e-04
2025-10-17 10:46:56,520 - INFO: Epoch [23500/40000], Total Loss: 1.821e-03, Main Loss: 1.821e-03, Range Loss: 0.000e+00, Prox Loss: 0.000e+00, LR: 3.865e-04
2025-10-17 10:46:57,710 - INFO: Epoch [24000/40000], Total Loss: 1.656e-03, Main Loss: 1.656e-03, Range Loss: 0.000e+00, Prox Loss: 0.000e+00, LR: 3.672e-04
2025-10-17 10:46:58,816 - INFO: Epoch [24500/40000], Total Loss: 1.532e-03, Main Loss: 1.532e-03, Range Loss: 0.000e+00, Prox Loss: 0.000e+00, LR: 3.482e-04
2025-10-17 10:46:59,963 - INFO: Epoch [25000/40000], Total Loss: 1.857e-03, Main Loss: 1.857e-03, Range Loss: 0.000e+00, Prox Loss: 0.000e+00, LR: 3.294e-04
2025-10-17 10:47:01,097 - INFO: Epoch [25500/40000], Total Loss: 1.682e-03, Main Loss: 1.682e-03, Range Loss: 0.000e+00, Prox Loss: 0.000e+00, LR: 3.109e-04
2025-10-17 10:47:02,236 - INFO: Epoch [26000/40000], Total Loss: 1.413e-03, Main Loss: 1.413e-03, Range Loss: 0.000e+00, Prox Loss: 0.000e+00, LR: 2.928e-04
2025-10-17 10:47:03,388 - INFO: Epoch [26500/40000], Total Loss: 1.569e-03, Main Loss: 1.569e-03, Range Loss: 0.000e+00, Prox Loss: 0.000e+00, LR: 2.749e-04
2025-10-17 10:47:04,502 - INFO: Epoch [27000/40000], Total Loss: 1.449e-03, Main Loss: 1.449e-03, Range Loss: 0.000e+00, Prox Loss: 0.000e+00, LR: 2.575e-04
2025-10-17 10:47:05,623 - INFO: Epoch [27500/40000], Total Loss: 1.579e-03, Main Loss: 1.579e-03, Range Loss: 0.000e+00, Prox Loss: 0.000e+00, LR: 2.404e-04
2025-10-17 10:47:06,704 - INFO: Epoch [28000/40000], Total Loss: 1.407e-03, Main Loss: 1.407e-03, Range Loss: 0.000e+00, Prox Loss: 0.000e+00, LR: 2.238e-04
2025-10-17 10:47:07,811 - INFO: Epoch [28500/40000], Total Loss: 1.453e-03, Main Loss: 1.453e-03, Range Loss: 0.000e+00, Prox Loss: 0.000e+00, LR: 2.076e-04
2025-10-17 10:47:09,036 - INFO: Epoch [29000/40000], Total Loss: 1.431e-03, Main Loss: 1.431e-03, Range Loss: 0.000e+00, Prox Loss: 0.000e+00, LR: 1.919e-04
2025-10-17 10:47:10,144 - INFO: Epoch [29500/40000], Total Loss: 1.373e-03, Main Loss: 1.373e-03, Range Loss: 0.000e+00, Prox Loss: 0.000e+00, LR: 1.767e-04
2025-10-17 10:47:11,307 - INFO: Epoch [30000/40000], Total Loss: 1.337e-03, Main Loss: 1.337e-03, Range Loss: 0.000e+00, Prox Loss: 0.000e+00, LR: 1.621e-04
2025-10-17 10:47:12,512 - INFO: Epoch [30500/40000], Total Loss: 1.405e-03, Main Loss: 1.405e-03, Range Loss: 0.000e+00, Prox Loss: 0.000e+00, LR: 1.480e-04
2025-10-17 10:47:13,647 - INFO: Epoch [31000/40000], Total Loss: 1.341e-03, Main Loss: 1.341e-03, Range Loss: 0.000e+00, Prox Loss: 0.000e+00, LR: 1.345e-04
2025-10-17 10:47:14,789 - INFO: Epoch [31500/40000], Total Loss: 1.525e-03, Main Loss: 1.525e-03, Range Loss: 0.000e+00, Prox Loss: 0.000e+00, LR: 1.215e-04
2025-10-17 10:47:15,998 - INFO: Epoch [32000/40000], Total Loss: 1.360e-03, Main Loss: 1.360e-03, Range Loss: 0.000e+00, Prox Loss: 0.000e+00, LR: 1.093e-04
2025-10-17 10:47:17,168 - INFO: Epoch [32500/40000], Total Loss: 1.308e-03, Main Loss: 1.308e-03, Range Loss: 0.000e+00, Prox Loss: 0.000e+00, LR: 9.760e-05
2025-10-17 10:47:18,337 - INFO: Epoch [33000/40000], Total Loss: 1.324e-03, Main Loss: 1.324e-03, Range Loss: 0.000e+00, Prox Loss: 0.000e+00, LR: 8.661e-05
2025-10-17 10:47:19,446 - INFO: Epoch [33500/40000], Total Loss: 1.337e-03, Main Loss: 1.337e-03, Range Loss: 0.000e+00, Prox Loss: 0.000e+00, LR: 7.630e-05
2025-10-17 10:47:20,530 - INFO: Epoch [34000/40000], Total Loss: 1.355e-03, Main Loss: 1.355e-03, Range Loss: 0.000e+00, Prox Loss: 0.000e+00, LR: 6.668e-05
2025-10-17 10:47:21,609 - INFO: Epoch [34500/40000], Total Loss: 1.382e-03, Main Loss: 1.382e-03, Range Loss: 0.000e+00, Prox Loss: 0.000e+00, LR: 5.777e-05
2025-10-17 10:47:22,720 - INFO: Epoch [35000/40000], Total Loss: 1.324e-03, Main Loss: 1.324e-03, Range Loss: 0.000e+00, Prox Loss: 0.000e+00, LR: 4.959e-05
2025-10-17 10:47:23,807 - INFO: Epoch [35500/40000], Total Loss: 1.388e-03, Main Loss: 1.388e-03, Range Loss: 0.000e+00, Prox Loss: 0.000e+00, LR: 4.215e-05
2025-10-17 10:47:24,937 - INFO: Epoch [36000/40000], Total Loss: 1.315e-03, Main Loss: 1.315e-03, Range Loss: 0.000e+00, Prox Loss: 0.000e+00, LR: 3.546e-05
2025-10-17 10:47:26,060 - INFO: Epoch [36500/40000], Total Loss: 1.311e-03, Main Loss: 1.311e-03, Range Loss: 0.000e+00, Prox Loss: 0.000e+00, LR: 2.953e-05
2025-10-17 10:47:27,194 - INFO: Epoch [37000/40000], Total Loss: 1.309e-03, Main Loss: 1.309e-03, Range Loss: 0.000e+00, Prox Loss: 0.000e+00, LR: 2.437e-05
2025-10-17 10:47:28,306 - INFO: Epoch [37500/40000], Total Loss: 1.316e-03, Main Loss: 1.316e-03, Range Loss: 0.000e+00, Prox Loss: 0.000e+00, LR: 2.000e-05
2025-10-17 10:47:29,437 - INFO: Epoch [38000/40000], Total Loss: 1.326e-03, Main Loss: 1.326e-03, Range Loss: 0.000e+00, Prox Loss: 0.000e+00, LR: 1.640e-05
2025-10-17 10:47:30,697 - INFO: Epoch [38500/40000], Total Loss: 1.312e-03, Main Loss: 1.312e-03, Range Loss: 0.000e+00, Prox Loss: 0.000e+00, LR: 1.360e-05
2025-10-17 10:47:31,833 - INFO: Epoch [39000/40000], Total Loss: 1.295e-03, Main Loss: 1.295e-03, Range Loss: 0.000e+00, Prox Loss: 0.000e+00, LR: 1.160e-05
2025-10-17 10:47:32,970 - INFO: Epoch [39500/40000], Total Loss: 1.307e-03, Main Loss: 1.307e-03, Range Loss: 0.000e+00, Prox Loss: 0.000e+00, LR: 1.040e-05
2025-10-17 10:47:34,055 - INFO: Epoch [39999/40000], Total Loss: 1.303e-03, Main Loss: 1.303e-03, Range Loss: 0.000e+00, Prox Loss: 0.000e+00, LR: 1.000e-05
2025-10-17 10:47:34,066 - INFO: MAE: 0.0012977897, MSE: 0.0000057177,
2025-10-17 10:47:34,067 - INFO: Model saved to log/elu/10entry.pt
2025-10-17 10:47:34,067 - INFO: Training results saved to log/elu/10entry.json
