2025-10-17 11:35:21,552 - INFO: Training Configuration:
2025-10-17 11:35:21,553 - INFO: {
  "function": "rsqrt",
  "x_range": [
    0.25,
    4.0
  ],
  "num_entries": 16,
  "total_epochs": 40000,
  "warmup_epochs": 1000,
  "base_lr": 0.001,
  "weight_decay": 0.0001,
  "range_weight": 0.1,
  "prox_weight": 0.1,
  "device": "cpu"
}
2025-10-17 11:35:21,555 - INFO: Epoch [0/40000], Total Loss: 2.708e+01, Main Loss: 2.708e+01, Range Loss: 0.000e+00, Prox Loss: 0.000e+00, LR: 1.009e-04
2025-10-17 11:35:22,710 - INFO: Epoch [500/40000], Total Loss: 4.686e+00, Main Loss: 4.668e+00, Range Loss: 0.000e+00, Prox Loss: 1.858e-02, LR: 5.509e-04
2025-10-17 11:35:23,872 - INFO: Epoch [1000/40000], Total Loss: 9.111e-01, Main Loss: 8.418e-01, Range Loss: 0.000e+00, Prox Loss: 6.930e-02, LR: 1.000e-03
2025-10-17 11:35:25,037 - INFO: Epoch [1500/40000], Total Loss: 4.162e-01, Main Loss: 3.220e-01, Range Loss: 0.000e+00, Prox Loss: 9.415e-02, LR: 9.996e-04
2025-10-17 11:35:26,148 - INFO: Epoch [2000/40000], Total Loss: 1.418e-01, Main Loss: 9.646e-02, Range Loss: 0.000e+00, Prox Loss: 4.531e-02, LR: 9.984e-04
2025-10-17 11:35:27,276 - INFO: Epoch [2500/40000], Total Loss: 6.638e-02, Main Loss: 4.045e-02, Range Loss: 0.000e+00, Prox Loss: 2.593e-02, LR: 9.964e-04
2025-10-17 11:35:28,432 - INFO: Epoch [3000/40000], Total Loss: 2.891e-02, Main Loss: 2.307e-02, Range Loss: 0.000e+00, Prox Loss: 5.838e-03, LR: 9.936e-04
2025-10-17 11:35:29,546 - INFO: Epoch [3500/40000], Total Loss: 1.426e-02, Main Loss: 1.426e-02, Range Loss: 0.000e+00, Prox Loss: 0.000e+00, LR: 9.900e-04
2025-10-17 11:35:30,751 - INFO: Epoch [4000/40000], Total Loss: 1.107e-02, Main Loss: 1.107e-02, Range Loss: 0.000e+00, Prox Loss: 4.850e-06, LR: 9.856e-04
2025-10-17 11:35:31,862 - INFO: Epoch [4500/40000], Total Loss: 9.118e-03, Main Loss: 9.114e-03, Range Loss: 0.000e+00, Prox Loss: 4.003e-06, LR: 9.804e-04
2025-10-17 11:35:32,958 - INFO: Epoch [5000/40000], Total Loss: 7.739e-03, Main Loss: 7.739e-03, Range Loss: 0.000e+00, Prox Loss: 0.000e+00, LR: 9.745e-04
2025-10-17 11:35:34,105 - INFO: Epoch [5500/40000], Total Loss: 6.730e-03, Main Loss: 6.728e-03, Range Loss: 0.000e+00, Prox Loss: 1.768e-06, LR: 9.678e-04
2025-10-17 11:35:35,250 - INFO: Epoch [6000/40000], Total Loss: 6.225e-03, Main Loss: 6.206e-03, Range Loss: 7.123e-07, Prox Loss: 1.800e-05, LR: 9.604e-04
2025-10-17 11:35:36,337 - INFO: Epoch [6500/40000], Total Loss: 5.784e-03, Main Loss: 5.783e-03, Range Loss: 0.000e+00, Prox Loss: 9.067e-07, LR: 9.522e-04
2025-10-17 11:35:37,424 - INFO: Epoch [7000/40000], Total Loss: 5.386e-03, Main Loss: 5.386e-03, Range Loss: 0.000e+00, Prox Loss: 0.000e+00, LR: 9.433e-04
2025-10-17 11:35:38,574 - INFO: Epoch [7500/40000], Total Loss: 5.052e-03, Main Loss: 5.048e-03, Range Loss: 0.000e+00, Prox Loss: 4.257e-06, LR: 9.337e-04
2025-10-17 11:35:39,759 - INFO: Epoch [8000/40000], Total Loss: 4.708e-03, Main Loss: 4.706e-03, Range Loss: 0.000e+00, Prox Loss: 2.516e-06, LR: 9.233e-04
2025-10-17 11:35:40,922 - INFO: Epoch [8500/40000], Total Loss: 4.355e-03, Main Loss: 4.355e-03, Range Loss: 0.000e+00, Prox Loss: 0.000e+00, LR: 9.124e-04
2025-10-17 11:35:42,077 - INFO: Epoch [9000/40000], Total Loss: 3.984e-03, Main Loss: 3.984e-03, Range Loss: 0.000e+00, Prox Loss: 0.000e+00, LR: 9.007e-04
2025-10-17 11:35:43,177 - INFO: Epoch [9500/40000], Total Loss: 3.599e-03, Main Loss: 3.599e-03, Range Loss: 0.000e+00, Prox Loss: 0.000e+00, LR: 8.884e-04
2025-10-17 11:35:44,290 - INFO: Epoch [10000/40000], Total Loss: 3.182e-03, Main Loss: 3.172e-03, Range Loss: 1.526e-06, Prox Loss: 8.173e-06, LR: 8.755e-04
2025-10-17 11:35:45,845 - INFO: Epoch [10500/40000], Total Loss: 2.784e-03, Main Loss: 2.778e-03, Range Loss: 5.484e-06, Prox Loss: 0.000e+00, LR: 8.620e-04
2025-10-17 11:35:47,091 - INFO: Epoch [11000/40000], Total Loss: 2.469e-03, Main Loss: 2.469e-03, Range Loss: 0.000e+00, Prox Loss: 0.000e+00, LR: 8.479e-04
2025-10-17 11:35:48,256 - INFO: Epoch [11500/40000], Total Loss: 2.227e-03, Main Loss: 2.202e-03, Range Loss: 0.000e+00, Prox Loss: 2.484e-05, LR: 8.332e-04
2025-10-17 11:35:49,404 - INFO: Epoch [12000/40000], Total Loss: 2.007e-03, Main Loss: 2.007e-03, Range Loss: 0.000e+00, Prox Loss: 0.000e+00, LR: 8.180e-04
2025-10-17 11:35:50,633 - INFO: Epoch [12500/40000], Total Loss: 1.831e-03, Main Loss: 1.831e-03, Range Loss: 0.000e+00, Prox Loss: 0.000e+00, LR: 8.023e-04
2025-10-17 11:35:51,847 - INFO: Epoch [13000/40000], Total Loss: 1.660e-03, Main Loss: 1.660e-03, Range Loss: 0.000e+00, Prox Loss: 0.000e+00, LR: 7.862e-04
2025-10-17 11:35:53,053 - INFO: Epoch [13500/40000], Total Loss: 1.509e-03, Main Loss: 1.494e-03, Range Loss: 0.000e+00, Prox Loss: 1.502e-05, LR: 7.695e-04
2025-10-17 11:35:54,254 - INFO: Epoch [14000/40000], Total Loss: 1.332e-03, Main Loss: 1.332e-03, Range Loss: 0.000e+00, Prox Loss: 0.000e+00, LR: 7.525e-04
2025-10-17 11:35:55,408 - INFO: Epoch [14500/40000], Total Loss: 1.185e-03, Main Loss: 1.175e-03, Range Loss: 7.179e-06, Prox Loss: 3.371e-06, LR: 7.350e-04
2025-10-17 11:35:56,561 - INFO: Epoch [15000/40000], Total Loss: 1.044e-03, Main Loss: 1.044e-03, Range Loss: 0.000e+00, Prox Loss: 0.000e+00, LR: 7.172e-04
2025-10-17 11:35:57,662 - INFO: Epoch [15500/40000], Total Loss: 9.195e-04, Main Loss: 9.054e-04, Range Loss: 1.417e-05, Prox Loss: 0.000e+00, LR: 6.990e-04
2025-10-17 11:35:58,756 - INFO: Epoch [16000/40000], Total Loss: 7.974e-04, Main Loss: 7.974e-04, Range Loss: 0.000e+00, Prox Loss: 0.000e+00, LR: 6.805e-04
2025-10-17 11:35:59,894 - INFO: Epoch [16500/40000], Total Loss: 6.844e-04, Main Loss: 6.844e-04, Range Loss: 0.000e+00, Prox Loss: 0.000e+00, LR: 6.617e-04
2025-10-17 11:36:01,094 - INFO: Epoch [17000/40000], Total Loss: 6.073e-04, Main Loss: 6.033e-04, Range Loss: 4.032e-06, Prox Loss: 0.000e+00, LR: 6.427e-04
2025-10-17 11:36:02,309 - INFO: Epoch [17500/40000], Total Loss: 5.257e-04, Main Loss: 5.257e-04, Range Loss: 0.000e+00, Prox Loss: 0.000e+00, LR: 6.234e-04
2025-10-17 11:36:03,515 - INFO: Epoch [18000/40000], Total Loss: 4.512e-04, Main Loss: 4.512e-04, Range Loss: 0.000e+00, Prox Loss: 0.000e+00, LR: 6.040e-04
2025-10-17 11:36:04,636 - INFO: Epoch [18500/40000], Total Loss: 4.033e-04, Main Loss: 4.033e-04, Range Loss: 0.000e+00, Prox Loss: 0.000e+00, LR: 5.844e-04
2025-10-17 11:36:05,818 - INFO: Epoch [19000/40000], Total Loss: 3.606e-04, Main Loss: 3.606e-04, Range Loss: 0.000e+00, Prox Loss: 0.000e+00, LR: 5.646e-04
2025-10-17 11:36:06,940 - INFO: Epoch [19500/40000], Total Loss: 3.271e-04, Main Loss: 3.206e-04, Range Loss: 6.476e-06, Prox Loss: 0.000e+00, LR: 5.448e-04
2025-10-17 11:36:08,056 - INFO: Epoch [20000/40000], Total Loss: 2.926e-04, Main Loss: 2.926e-04, Range Loss: 0.000e+00, Prox Loss: 0.000e+00, LR: 5.249e-04
2025-10-17 11:36:09,161 - INFO: Epoch [20500/40000], Total Loss: 2.607e-04, Main Loss: 2.607e-04, Range Loss: 0.000e+00, Prox Loss: 0.000e+00, LR: 5.050e-04
2025-10-17 11:36:10,285 - INFO: Epoch [21000/40000], Total Loss: 2.385e-04, Main Loss: 2.385e-04, Range Loss: 0.000e+00, Prox Loss: 0.000e+00, LR: 4.850e-04
2025-10-17 11:36:11,402 - INFO: Epoch [21500/40000], Total Loss: 2.218e-04, Main Loss: 2.218e-04, Range Loss: 0.000e+00, Prox Loss: 0.000e+00, LR: 4.651e-04
2025-10-17 11:36:12,540 - INFO: Epoch [22000/40000], Total Loss: 2.080e-04, Main Loss: 2.080e-04, Range Loss: 0.000e+00, Prox Loss: 0.000e+00, LR: 4.453e-04
2025-10-17 11:36:13,668 - INFO: Epoch [22500/40000], Total Loss: 1.943e-04, Main Loss: 1.943e-04, Range Loss: 0.000e+00, Prox Loss: 0.000e+00, LR: 4.256e-04
2025-10-17 11:36:14,806 - INFO: Epoch [23000/40000], Total Loss: 1.844e-04, Main Loss: 1.844e-04, Range Loss: 0.000e+00, Prox Loss: 0.000e+00, LR: 4.059e-04
2025-10-17 11:36:15,995 - INFO: Epoch [23500/40000], Total Loss: 1.728e-04, Main Loss: 1.728e-04, Range Loss: 0.000e+00, Prox Loss: 0.000e+00, LR: 3.865e-04
2025-10-17 11:36:17,108 - INFO: Epoch [24000/40000], Total Loss: 1.679e-04, Main Loss: 1.679e-04, Range Loss: 0.000e+00, Prox Loss: 0.000e+00, LR: 3.672e-04
2025-10-17 11:36:18,212 - INFO: Epoch [24500/40000], Total Loss: 1.611e-04, Main Loss: 1.611e-04, Range Loss: 0.000e+00, Prox Loss: 0.000e+00, LR: 3.482e-04
2025-10-17 11:36:19,340 - INFO: Epoch [25000/40000], Total Loss: 1.553e-04, Main Loss: 1.553e-04, Range Loss: 0.000e+00, Prox Loss: 0.000e+00, LR: 3.294e-04
2025-10-17 11:36:20,471 - INFO: Epoch [25500/40000], Total Loss: 1.491e-04, Main Loss: 1.491e-04, Range Loss: 0.000e+00, Prox Loss: 0.000e+00, LR: 3.109e-04
2025-10-17 11:36:21,629 - INFO: Epoch [26000/40000], Total Loss: 1.448e-04, Main Loss: 1.448e-04, Range Loss: 0.000e+00, Prox Loss: 0.000e+00, LR: 2.928e-04
2025-10-17 11:36:22,792 - INFO: Epoch [26500/40000], Total Loss: 1.412e-04, Main Loss: 1.412e-04, Range Loss: 0.000e+00, Prox Loss: 0.000e+00, LR: 2.749e-04
2025-10-17 11:36:23,890 - INFO: Epoch [27000/40000], Total Loss: 1.358e-04, Main Loss: 1.358e-04, Range Loss: 0.000e+00, Prox Loss: 0.000e+00, LR: 2.575e-04
2025-10-17 11:36:24,982 - INFO: Epoch [27500/40000], Total Loss: 1.327e-04, Main Loss: 1.327e-04, Range Loss: 0.000e+00, Prox Loss: 0.000e+00, LR: 2.404e-04
2025-10-17 11:36:26,077 - INFO: Epoch [28000/40000], Total Loss: 1.289e-04, Main Loss: 1.289e-04, Range Loss: 0.000e+00, Prox Loss: 0.000e+00, LR: 2.238e-04
2025-10-17 11:36:27,201 - INFO: Epoch [28500/40000], Total Loss: 1.255e-04, Main Loss: 1.255e-04, Range Loss: 0.000e+00, Prox Loss: 0.000e+00, LR: 2.076e-04
2025-10-17 11:36:28,315 - INFO: Epoch [29000/40000], Total Loss: 1.227e-04, Main Loss: 1.227e-04, Range Loss: 0.000e+00, Prox Loss: 0.000e+00, LR: 1.919e-04
2025-10-17 11:36:29,420 - INFO: Epoch [29500/40000], Total Loss: 1.209e-04, Main Loss: 1.209e-04, Range Loss: 0.000e+00, Prox Loss: 0.000e+00, LR: 1.767e-04
2025-10-17 11:36:30,542 - INFO: Epoch [30000/40000], Total Loss: 1.171e-04, Main Loss: 1.171e-04, Range Loss: 0.000e+00, Prox Loss: 0.000e+00, LR: 1.621e-04
2025-10-17 11:36:31,621 - INFO: Epoch [30500/40000], Total Loss: 1.146e-04, Main Loss: 1.146e-04, Range Loss: 0.000e+00, Prox Loss: 0.000e+00, LR: 1.480e-04
2025-10-17 11:36:32,725 - INFO: Epoch [31000/40000], Total Loss: 1.125e-04, Main Loss: 1.125e-04, Range Loss: 0.000e+00, Prox Loss: 0.000e+00, LR: 1.345e-04
2025-10-17 11:36:33,790 - INFO: Epoch [31500/40000], Total Loss: 1.107e-04, Main Loss: 1.107e-04, Range Loss: 0.000e+00, Prox Loss: 0.000e+00, LR: 1.215e-04
2025-10-17 11:36:34,869 - INFO: Epoch [32000/40000], Total Loss: 1.076e-04, Main Loss: 1.076e-04, Range Loss: 0.000e+00, Prox Loss: 0.000e+00, LR: 1.093e-04
2025-10-17 11:36:35,956 - INFO: Epoch [32500/40000], Total Loss: 1.067e-04, Main Loss: 1.067e-04, Range Loss: 0.000e+00, Prox Loss: 0.000e+00, LR: 9.760e-05
2025-10-17 11:36:37,047 - INFO: Epoch [33000/40000], Total Loss: 1.043e-04, Main Loss: 1.043e-04, Range Loss: 0.000e+00, Prox Loss: 0.000e+00, LR: 8.661e-05
2025-10-17 11:36:38,133 - INFO: Epoch [33500/40000], Total Loss: 1.025e-04, Main Loss: 1.025e-04, Range Loss: 0.000e+00, Prox Loss: 0.000e+00, LR: 7.630e-05
2025-10-17 11:36:39,260 - INFO: Epoch [34000/40000], Total Loss: 1.011e-04, Main Loss: 1.011e-04, Range Loss: 0.000e+00, Prox Loss: 0.000e+00, LR: 6.668e-05
2025-10-17 11:36:40,346 - INFO: Epoch [34500/40000], Total Loss: 9.931e-05, Main Loss: 9.931e-05, Range Loss: 0.000e+00, Prox Loss: 0.000e+00, LR: 5.777e-05
2025-10-17 11:36:41,448 - INFO: Epoch [35000/40000], Total Loss: 9.792e-05, Main Loss: 9.792e-05, Range Loss: 0.000e+00, Prox Loss: 0.000e+00, LR: 4.959e-05
2025-10-17 11:36:42,546 - INFO: Epoch [35500/40000], Total Loss: 9.682e-05, Main Loss: 9.682e-05, Range Loss: 0.000e+00, Prox Loss: 0.000e+00, LR: 4.215e-05
2025-10-17 11:36:43,635 - INFO: Epoch [36000/40000], Total Loss: 9.544e-05, Main Loss: 9.544e-05, Range Loss: 0.000e+00, Prox Loss: 0.000e+00, LR: 3.546e-05
2025-10-17 11:36:44,727 - INFO: Epoch [36500/40000], Total Loss: 9.416e-05, Main Loss: 9.416e-05, Range Loss: 0.000e+00, Prox Loss: 0.000e+00, LR: 2.953e-05
2025-10-17 11:36:45,830 - INFO: Epoch [37000/40000], Total Loss: 9.317e-05, Main Loss: 9.317e-05, Range Loss: 0.000e+00, Prox Loss: 0.000e+00, LR: 2.437e-05
2025-10-17 11:36:46,914 - INFO: Epoch [37500/40000], Total Loss: 9.212e-05, Main Loss: 9.212e-05, Range Loss: 0.000e+00, Prox Loss: 0.000e+00, LR: 2.000e-05
2025-10-17 11:36:48,001 - INFO: Epoch [38000/40000], Total Loss: 9.118e-05, Main Loss: 9.118e-05, Range Loss: 0.000e+00, Prox Loss: 0.000e+00, LR: 1.640e-05
2025-10-17 11:36:49,095 - INFO: Epoch [38500/40000], Total Loss: 9.043e-05, Main Loss: 9.043e-05, Range Loss: 0.000e+00, Prox Loss: 0.000e+00, LR: 1.360e-05
2025-10-17 11:36:50,183 - INFO: Epoch [39000/40000], Total Loss: 8.960e-05, Main Loss: 8.960e-05, Range Loss: 0.000e+00, Prox Loss: 0.000e+00, LR: 1.160e-05
2025-10-17 11:36:51,259 - INFO: Epoch [39500/40000], Total Loss: 8.878e-05, Main Loss: 8.878e-05, Range Loss: 0.000e+00, Prox Loss: 7.451e-10, LR: 1.040e-05
2025-10-17 11:36:52,364 - INFO: Epoch [39999/40000], Total Loss: 8.802e-05, Main Loss: 8.802e-05, Range Loss: 0.000e+00, Prox Loss: 0.000e+00, LR: 1.000e-05
2025-10-17 11:36:52,378 - INFO: MAE: 0.0033995530, MSE: 0.0000880206,
2025-10-17 11:36:52,379 - INFO: Model saved to log/rsqrt/16entry.pt
2025-10-17 11:36:52,379 - INFO: Training results saved to log/rsqrt/16entry.json
