2025-10-17 11:13:19,522 - INFO: Training Configuration:
2025-10-17 11:13:19,522 - INFO: {
  "function": "div",
  "x_range": [
    0.5,
    4.0
  ],
  "num_entries": 8,
  "total_epochs": 40000,
  "warmup_epochs": 1000,
  "base_lr": 0.001,
  "weight_decay": 0.0001,
  "range_weight": 0.1,
  "prox_weight": 0.1,
  "device": "cpu"
}
2025-10-17 11:13:19,525 - INFO: Epoch [0/40000], Total Loss: 1.863e+01, Main Loss: 1.863e+01, Range Loss: 0.000e+00, Prox Loss: 0.000e+00, LR: 1.009e-04
2025-10-17 11:13:20,662 - INFO: Epoch [500/40000], Total Loss: 6.889e+00, Main Loss: 6.879e+00, Range Loss: 0.000e+00, Prox Loss: 1.028e-02, LR: 5.509e-04
2025-10-17 11:13:21,803 - INFO: Epoch [1000/40000], Total Loss: 4.734e-01, Main Loss: 4.659e-01, Range Loss: 0.000e+00, Prox Loss: 7.580e-03, LR: 1.000e-03
2025-10-17 11:13:23,053 - INFO: Epoch [1500/40000], Total Loss: 2.458e-01, Main Loss: 2.429e-01, Range Loss: 0.000e+00, Prox Loss: 2.891e-03, LR: 9.996e-04
2025-10-17 11:13:24,119 - INFO: Epoch [2000/40000], Total Loss: 1.027e-01, Main Loss: 1.027e-01, Range Loss: 0.000e+00, Prox Loss: 0.000e+00, LR: 9.984e-04
2025-10-17 11:13:25,242 - INFO: Epoch [2500/40000], Total Loss: 3.382e-02, Main Loss: 3.382e-02, Range Loss: 0.000e+00, Prox Loss: 0.000e+00, LR: 9.964e-04
2025-10-17 11:13:26,311 - INFO: Epoch [3000/40000], Total Loss: 1.394e-02, Main Loss: 1.394e-02, Range Loss: 0.000e+00, Prox Loss: 0.000e+00, LR: 9.936e-04
2025-10-17 11:13:27,382 - INFO: Epoch [3500/40000], Total Loss: 1.005e-02, Main Loss: 1.005e-02, Range Loss: 0.000e+00, Prox Loss: 0.000e+00, LR: 9.900e-04
2025-10-17 11:13:28,484 - INFO: Epoch [4000/40000], Total Loss: 8.795e-03, Main Loss: 8.795e-03, Range Loss: 0.000e+00, Prox Loss: 0.000e+00, LR: 9.856e-04
2025-10-17 11:13:29,552 - INFO: Epoch [4500/40000], Total Loss: 7.929e-03, Main Loss: 7.929e-03, Range Loss: 0.000e+00, Prox Loss: 0.000e+00, LR: 9.804e-04
2025-10-17 11:13:30,613 - INFO: Epoch [5000/40000], Total Loss: 7.250e-03, Main Loss: 7.250e-03, Range Loss: 0.000e+00, Prox Loss: 0.000e+00, LR: 9.745e-04
2025-10-17 11:13:31,679 - INFO: Epoch [5500/40000], Total Loss: 6.647e-03, Main Loss: 6.647e-03, Range Loss: 0.000e+00, Prox Loss: 0.000e+00, LR: 9.678e-04
2025-10-17 11:13:32,752 - INFO: Epoch [6000/40000], Total Loss: 6.038e-03, Main Loss: 6.038e-03, Range Loss: 0.000e+00, Prox Loss: 0.000e+00, LR: 9.604e-04
2025-10-17 11:13:33,811 - INFO: Epoch [6500/40000], Total Loss: 5.394e-03, Main Loss: 5.394e-03, Range Loss: 0.000e+00, Prox Loss: 0.000e+00, LR: 9.522e-04
2025-10-17 11:13:34,904 - INFO: Epoch [7000/40000], Total Loss: 4.724e-03, Main Loss: 4.724e-03, Range Loss: 0.000e+00, Prox Loss: 0.000e+00, LR: 9.433e-04
2025-10-17 11:13:35,960 - INFO: Epoch [7500/40000], Total Loss: 4.046e-03, Main Loss: 4.046e-03, Range Loss: 0.000e+00, Prox Loss: 0.000e+00, LR: 9.337e-04
2025-10-17 11:13:37,035 - INFO: Epoch [8000/40000], Total Loss: 3.385e-03, Main Loss: 3.385e-03, Range Loss: 0.000e+00, Prox Loss: 0.000e+00, LR: 9.233e-04
2025-10-17 11:13:38,108 - INFO: Epoch [8500/40000], Total Loss: 2.762e-03, Main Loss: 2.762e-03, Range Loss: 0.000e+00, Prox Loss: 0.000e+00, LR: 9.124e-04
2025-10-17 11:13:39,170 - INFO: Epoch [9000/40000], Total Loss: 2.203e-03, Main Loss: 2.203e-03, Range Loss: 0.000e+00, Prox Loss: 0.000e+00, LR: 9.007e-04
2025-10-17 11:13:40,247 - INFO: Epoch [9500/40000], Total Loss: 1.730e-03, Main Loss: 1.730e-03, Range Loss: 0.000e+00, Prox Loss: 0.000e+00, LR: 8.884e-04
2025-10-17 11:13:41,326 - INFO: Epoch [10000/40000], Total Loss: 1.347e-03, Main Loss: 1.347e-03, Range Loss: 0.000e+00, Prox Loss: 0.000e+00, LR: 8.755e-04
2025-10-17 11:13:42,401 - INFO: Epoch [10500/40000], Total Loss: 1.040e-03, Main Loss: 1.040e-03, Range Loss: 0.000e+00, Prox Loss: 0.000e+00, LR: 8.620e-04
2025-10-17 11:13:43,473 - INFO: Epoch [11000/40000], Total Loss: 7.892e-04, Main Loss: 7.892e-04, Range Loss: 0.000e+00, Prox Loss: 0.000e+00, LR: 8.479e-04
2025-10-17 11:13:44,547 - INFO: Epoch [11500/40000], Total Loss: 5.893e-04, Main Loss: 5.893e-04, Range Loss: 0.000e+00, Prox Loss: 0.000e+00, LR: 8.332e-04
2025-10-17 11:13:45,645 - INFO: Epoch [12000/40000], Total Loss: 4.608e-04, Main Loss: 4.582e-04, Range Loss: 2.593e-06, Prox Loss: 0.000e+00, LR: 8.180e-04
2025-10-17 11:13:46,726 - INFO: Epoch [12500/40000], Total Loss: 3.581e-04, Main Loss: 3.581e-04, Range Loss: 0.000e+00, Prox Loss: 0.000e+00, LR: 8.023e-04
2025-10-17 11:13:47,808 - INFO: Epoch [13000/40000], Total Loss: 2.892e-04, Main Loss: 2.892e-04, Range Loss: 0.000e+00, Prox Loss: 0.000e+00, LR: 7.862e-04
2025-10-17 11:13:48,877 - INFO: Epoch [13500/40000], Total Loss: 2.369e-04, Main Loss: 2.369e-04, Range Loss: 0.000e+00, Prox Loss: 0.000e+00, LR: 7.695e-04
2025-10-17 11:13:49,957 - INFO: Epoch [14000/40000], Total Loss: 1.910e-04, Main Loss: 1.910e-04, Range Loss: 0.000e+00, Prox Loss: 0.000e+00, LR: 7.525e-04
2025-10-17 11:13:51,011 - INFO: Epoch [14500/40000], Total Loss: 1.575e-04, Main Loss: 1.575e-04, Range Loss: 0.000e+00, Prox Loss: 0.000e+00, LR: 7.350e-04
2025-10-17 11:13:52,067 - INFO: Epoch [15000/40000], Total Loss: 1.310e-04, Main Loss: 1.310e-04, Range Loss: 0.000e+00, Prox Loss: 0.000e+00, LR: 7.172e-04
2025-10-17 11:13:53,143 - INFO: Epoch [15500/40000], Total Loss: 1.138e-04, Main Loss: 1.138e-04, Range Loss: 0.000e+00, Prox Loss: 0.000e+00, LR: 6.990e-04
2025-10-17 11:13:54,198 - INFO: Epoch [16000/40000], Total Loss: 9.862e-05, Main Loss: 9.862e-05, Range Loss: 0.000e+00, Prox Loss: 0.000e+00, LR: 6.805e-04
2025-10-17 11:13:55,247 - INFO: Epoch [16500/40000], Total Loss: 8.751e-05, Main Loss: 8.751e-05, Range Loss: 0.000e+00, Prox Loss: 0.000e+00, LR: 6.617e-04
2025-10-17 11:13:56,323 - INFO: Epoch [17000/40000], Total Loss: 7.768e-05, Main Loss: 7.768e-05, Range Loss: 0.000e+00, Prox Loss: 0.000e+00, LR: 6.427e-04
2025-10-17 11:13:57,400 - INFO: Epoch [17500/40000], Total Loss: 6.989e-05, Main Loss: 6.989e-05, Range Loss: 0.000e+00, Prox Loss: 0.000e+00, LR: 6.234e-04
2025-10-17 11:13:58,444 - INFO: Epoch [18000/40000], Total Loss: 6.495e-05, Main Loss: 6.495e-05, Range Loss: 0.000e+00, Prox Loss: 0.000e+00, LR: 6.040e-04
2025-10-17 11:13:59,497 - INFO: Epoch [18500/40000], Total Loss: 5.831e-05, Main Loss: 5.831e-05, Range Loss: 0.000e+00, Prox Loss: 0.000e+00, LR: 5.844e-04
2025-10-17 11:14:00,550 - INFO: Epoch [19000/40000], Total Loss: 5.519e-05, Main Loss: 5.519e-05, Range Loss: 0.000e+00, Prox Loss: 0.000e+00, LR: 5.646e-04
2025-10-17 11:14:01,624 - INFO: Epoch [19500/40000], Total Loss: 5.360e-05, Main Loss: 5.360e-05, Range Loss: 0.000e+00, Prox Loss: 0.000e+00, LR: 5.448e-04
2025-10-17 11:14:02,673 - INFO: Epoch [20000/40000], Total Loss: 4.922e-05, Main Loss: 4.922e-05, Range Loss: 0.000e+00, Prox Loss: 0.000e+00, LR: 5.249e-04
2025-10-17 11:14:03,738 - INFO: Epoch [20500/40000], Total Loss: 4.851e-05, Main Loss: 4.851e-05, Range Loss: 0.000e+00, Prox Loss: 0.000e+00, LR: 5.050e-04
2025-10-17 11:14:04,812 - INFO: Epoch [21000/40000], Total Loss: 4.745e-05, Main Loss: 4.745e-05, Range Loss: 0.000e+00, Prox Loss: 0.000e+00, LR: 4.850e-04
2025-10-17 11:14:05,931 - INFO: Epoch [21500/40000], Total Loss: 4.627e-05, Main Loss: 4.627e-05, Range Loss: 0.000e+00, Prox Loss: 0.000e+00, LR: 4.651e-04
2025-10-17 11:14:07,136 - INFO: Epoch [22000/40000], Total Loss: 4.445e-05, Main Loss: 4.445e-05, Range Loss: 0.000e+00, Prox Loss: 0.000e+00, LR: 4.453e-04
2025-10-17 11:14:08,229 - INFO: Epoch [22500/40000], Total Loss: 4.324e-05, Main Loss: 4.324e-05, Range Loss: 0.000e+00, Prox Loss: 0.000e+00, LR: 4.256e-04
2025-10-17 11:14:09,278 - INFO: Epoch [23000/40000], Total Loss: 4.240e-05, Main Loss: 4.240e-05, Range Loss: 0.000e+00, Prox Loss: 0.000e+00, LR: 4.059e-04
2025-10-17 11:14:10,369 - INFO: Epoch [23500/40000], Total Loss: 4.198e-05, Main Loss: 4.198e-05, Range Loss: 0.000e+00, Prox Loss: 0.000e+00, LR: 3.865e-04
2025-10-17 11:14:11,426 - INFO: Epoch [24000/40000], Total Loss: 4.178e-05, Main Loss: 4.178e-05, Range Loss: 0.000e+00, Prox Loss: 0.000e+00, LR: 3.672e-04
2025-10-17 11:14:12,496 - INFO: Epoch [24500/40000], Total Loss: 4.107e-05, Main Loss: 4.107e-05, Range Loss: 0.000e+00, Prox Loss: 0.000e+00, LR: 3.482e-04
2025-10-17 11:14:13,555 - INFO: Epoch [25000/40000], Total Loss: 3.991e-05, Main Loss: 3.991e-05, Range Loss: 0.000e+00, Prox Loss: 0.000e+00, LR: 3.294e-04
2025-10-17 11:14:14,628 - INFO: Epoch [25500/40000], Total Loss: 4.020e-05, Main Loss: 4.020e-05, Range Loss: 0.000e+00, Prox Loss: 0.000e+00, LR: 3.109e-04
2025-10-17 11:14:15,689 - INFO: Epoch [26000/40000], Total Loss: 3.897e-05, Main Loss: 3.897e-05, Range Loss: 0.000e+00, Prox Loss: 0.000e+00, LR: 2.928e-04
2025-10-17 11:14:16,747 - INFO: Epoch [26500/40000], Total Loss: 3.939e-05, Main Loss: 3.939e-05, Range Loss: 0.000e+00, Prox Loss: 0.000e+00, LR: 2.749e-04
2025-10-17 11:14:17,817 - INFO: Epoch [27000/40000], Total Loss: 3.866e-05, Main Loss: 3.866e-05, Range Loss: 0.000e+00, Prox Loss: 0.000e+00, LR: 2.575e-04
2025-10-17 11:14:18,903 - INFO: Epoch [27500/40000], Total Loss: 3.785e-05, Main Loss: 3.785e-05, Range Loss: 0.000e+00, Prox Loss: 0.000e+00, LR: 2.404e-04
2025-10-17 11:14:19,984 - INFO: Epoch [28000/40000], Total Loss: 3.785e-05, Main Loss: 3.785e-05, Range Loss: 0.000e+00, Prox Loss: 0.000e+00, LR: 2.238e-04
2025-10-17 11:14:21,051 - INFO: Epoch [28500/40000], Total Loss: 3.776e-05, Main Loss: 3.776e-05, Range Loss: 0.000e+00, Prox Loss: 0.000e+00, LR: 2.076e-04
2025-10-17 11:14:22,122 - INFO: Epoch [29000/40000], Total Loss: 3.754e-05, Main Loss: 3.754e-05, Range Loss: 0.000e+00, Prox Loss: 0.000e+00, LR: 1.919e-04
2025-10-17 11:14:23,176 - INFO: Epoch [29500/40000], Total Loss: 3.726e-05, Main Loss: 3.726e-05, Range Loss: 0.000e+00, Prox Loss: 0.000e+00, LR: 1.767e-04
2025-10-17 11:14:24,218 - INFO: Epoch [30000/40000], Total Loss: 3.697e-05, Main Loss: 3.697e-05, Range Loss: 0.000e+00, Prox Loss: 0.000e+00, LR: 1.621e-04
2025-10-17 11:14:25,265 - INFO: Epoch [30500/40000], Total Loss: 3.669e-05, Main Loss: 3.669e-05, Range Loss: 0.000e+00, Prox Loss: 0.000e+00, LR: 1.480e-04
2025-10-17 11:14:26,338 - INFO: Epoch [31000/40000], Total Loss: 3.624e-05, Main Loss: 3.624e-05, Range Loss: 0.000e+00, Prox Loss: 0.000e+00, LR: 1.345e-04
2025-10-17 11:14:27,389 - INFO: Epoch [31500/40000], Total Loss: 3.578e-05, Main Loss: 3.578e-05, Range Loss: 0.000e+00, Prox Loss: 0.000e+00, LR: 1.215e-04
2025-10-17 11:14:28,446 - INFO: Epoch [32000/40000], Total Loss: 3.578e-05, Main Loss: 3.578e-05, Range Loss: 0.000e+00, Prox Loss: 0.000e+00, LR: 1.093e-04
2025-10-17 11:14:29,502 - INFO: Epoch [32500/40000], Total Loss: 3.576e-05, Main Loss: 3.576e-05, Range Loss: 0.000e+00, Prox Loss: 0.000e+00, LR: 9.760e-05
2025-10-17 11:14:30,547 - INFO: Epoch [33000/40000], Total Loss: 3.555e-05, Main Loss: 3.555e-05, Range Loss: 0.000e+00, Prox Loss: 0.000e+00, LR: 8.661e-05
2025-10-17 11:14:31,608 - INFO: Epoch [33500/40000], Total Loss: 3.521e-05, Main Loss: 3.521e-05, Range Loss: 0.000e+00, Prox Loss: 0.000e+00, LR: 7.630e-05
2025-10-17 11:14:32,654 - INFO: Epoch [34000/40000], Total Loss: 3.522e-05, Main Loss: 3.522e-05, Range Loss: 0.000e+00, Prox Loss: 0.000e+00, LR: 6.668e-05
2025-10-17 11:14:33,702 - INFO: Epoch [34500/40000], Total Loss: 3.483e-05, Main Loss: 3.483e-05, Range Loss: 0.000e+00, Prox Loss: 0.000e+00, LR: 5.777e-05
2025-10-17 11:14:34,771 - INFO: Epoch [35000/40000], Total Loss: 3.487e-05, Main Loss: 3.487e-05, Range Loss: 0.000e+00, Prox Loss: 0.000e+00, LR: 4.959e-05
2025-10-17 11:14:35,836 - INFO: Epoch [35500/40000], Total Loss: 3.465e-05, Main Loss: 3.465e-05, Range Loss: 0.000e+00, Prox Loss: 0.000e+00, LR: 4.215e-05
2025-10-17 11:14:36,890 - INFO: Epoch [36000/40000], Total Loss: 3.462e-05, Main Loss: 3.462e-05, Range Loss: 0.000e+00, Prox Loss: 0.000e+00, LR: 3.546e-05
2025-10-17 11:14:37,938 - INFO: Epoch [36500/40000], Total Loss: 3.441e-05, Main Loss: 3.441e-05, Range Loss: 0.000e+00, Prox Loss: 0.000e+00, LR: 2.953e-05
2025-10-17 11:14:39,017 - INFO: Epoch [37000/40000], Total Loss: 3.441e-05, Main Loss: 3.441e-05, Range Loss: 0.000e+00, Prox Loss: 0.000e+00, LR: 2.437e-05
2025-10-17 11:14:40,085 - INFO: Epoch [37500/40000], Total Loss: 3.426e-05, Main Loss: 3.426e-05, Range Loss: 0.000e+00, Prox Loss: 0.000e+00, LR: 2.000e-05
2025-10-17 11:14:41,129 - INFO: Epoch [38000/40000], Total Loss: 3.419e-05, Main Loss: 3.419e-05, Range Loss: 0.000e+00, Prox Loss: 0.000e+00, LR: 1.640e-05
2025-10-17 11:14:42,185 - INFO: Epoch [38500/40000], Total Loss: 3.412e-05, Main Loss: 3.412e-05, Range Loss: 0.000e+00, Prox Loss: 0.000e+00, LR: 1.360e-05
2025-10-17 11:14:43,238 - INFO: Epoch [39000/40000], Total Loss: 3.402e-05, Main Loss: 3.402e-05, Range Loss: 0.000e+00, Prox Loss: 0.000e+00, LR: 1.160e-05
2025-10-17 11:14:44,288 - INFO: Epoch [39500/40000], Total Loss: 3.395e-05, Main Loss: 3.392e-05, Range Loss: 2.980e-08, Prox Loss: 0.000e+00, LR: 1.040e-05
2025-10-17 11:14:45,337 - INFO: Epoch [39999/40000], Total Loss: 3.389e-05, Main Loss: 3.389e-05, Range Loss: 0.000e+00, Prox Loss: 0.000e+00, LR: 1.000e-05
2025-10-17 11:14:45,344 - INFO: MAE: 0.0039234268, MSE: 0.0000338874,
2025-10-17 11:14:45,344 - INFO: Model saved to log/div/8entry.pt
2025-10-17 11:14:45,345 - INFO: Training results saved to log/div/8entry.json
