2025-10-17 11:15:53,897 - INFO: Training Configuration:
2025-10-17 11:15:53,898 - INFO: {
  "function": "rsqrt",
  "x_range": [
    0.25,
    4.0
  ],
  "num_entries": 8,
  "total_epochs": 40000,
  "warmup_epochs": 1000,
  "base_lr": 0.001,
  "weight_decay": 0.0001,
  "range_weight": 0.1,
  "prox_weight": 0.1,
  "device": "cpu"
}
2025-10-17 11:15:53,901 - INFO: Epoch [0/40000], Total Loss: 1.439e+01, Main Loss: 1.439e+01, Range Loss: 0.000e+00, Prox Loss: 0.000e+00, LR: 1.009e-04
2025-10-17 11:15:55,504 - INFO: Epoch [500/40000], Total Loss: 4.596e+00, Main Loss: 4.596e+00, Range Loss: 0.000e+00, Prox Loss: 5.333e-05, LR: 5.509e-04
2025-10-17 11:15:56,602 - INFO: Epoch [1000/40000], Total Loss: 4.620e-01, Main Loss: 4.475e-01, Range Loss: 0.000e+00, Prox Loss: 1.446e-02, LR: 1.000e-03
2025-10-17 11:15:57,731 - INFO: Epoch [1500/40000], Total Loss: 2.030e-01, Main Loss: 2.027e-01, Range Loss: 0.000e+00, Prox Loss: 3.191e-04, LR: 9.996e-04
2025-10-17 11:15:59,355 - INFO: Epoch [2000/40000], Total Loss: 6.469e-02, Main Loss: 6.469e-02, Range Loss: 0.000e+00, Prox Loss: 0.000e+00, LR: 9.984e-04
2025-10-17 11:16:00,432 - INFO: Epoch [2500/40000], Total Loss: 1.685e-02, Main Loss: 1.685e-02, Range Loss: 0.000e+00, Prox Loss: 0.000e+00, LR: 9.964e-04
2025-10-17 11:16:01,542 - INFO: Epoch [3000/40000], Total Loss: 8.800e-03, Main Loss: 8.800e-03, Range Loss: 0.000e+00, Prox Loss: 0.000e+00, LR: 9.936e-04
2025-10-17 11:16:02,663 - INFO: Epoch [3500/40000], Total Loss: 7.624e-03, Main Loss: 7.624e-03, Range Loss: 0.000e+00, Prox Loss: 0.000e+00, LR: 9.900e-04
2025-10-17 11:16:03,774 - INFO: Epoch [4000/40000], Total Loss: 6.971e-03, Main Loss: 6.971e-03, Range Loss: 0.000e+00, Prox Loss: 0.000e+00, LR: 9.856e-04
2025-10-17 11:16:04,869 - INFO: Epoch [4500/40000], Total Loss: 6.421e-03, Main Loss: 6.421e-03, Range Loss: 0.000e+00, Prox Loss: 0.000e+00, LR: 9.804e-04
2025-10-17 11:16:06,012 - INFO: Epoch [5000/40000], Total Loss: 5.948e-03, Main Loss: 5.948e-03, Range Loss: 0.000e+00, Prox Loss: 0.000e+00, LR: 9.745e-04
2025-10-17 11:16:07,095 - INFO: Epoch [5500/40000], Total Loss: 5.515e-03, Main Loss: 5.515e-03, Range Loss: 0.000e+00, Prox Loss: 0.000e+00, LR: 9.678e-04
2025-10-17 11:16:08,143 - INFO: Epoch [6000/40000], Total Loss: 5.080e-03, Main Loss: 5.080e-03, Range Loss: 0.000e+00, Prox Loss: 0.000e+00, LR: 9.604e-04
2025-10-17 11:16:09,188 - INFO: Epoch [6500/40000], Total Loss: 4.631e-03, Main Loss: 4.631e-03, Range Loss: 0.000e+00, Prox Loss: 0.000e+00, LR: 9.522e-04
2025-10-17 11:16:10,249 - INFO: Epoch [7000/40000], Total Loss: 4.148e-03, Main Loss: 4.148e-03, Range Loss: 0.000e+00, Prox Loss: 0.000e+00, LR: 9.433e-04
2025-10-17 11:16:11,395 - INFO: Epoch [7500/40000], Total Loss: 3.635e-03, Main Loss: 3.635e-03, Range Loss: 0.000e+00, Prox Loss: 0.000e+00, LR: 9.337e-04
2025-10-17 11:16:12,483 - INFO: Epoch [8000/40000], Total Loss: 3.109e-03, Main Loss: 3.109e-03, Range Loss: 0.000e+00, Prox Loss: 0.000e+00, LR: 9.233e-04
2025-10-17 11:16:13,552 - INFO: Epoch [8500/40000], Total Loss: 2.562e-03, Main Loss: 2.562e-03, Range Loss: 0.000e+00, Prox Loss: 0.000e+00, LR: 9.124e-04
2025-10-17 11:16:14,666 - INFO: Epoch [9000/40000], Total Loss: 2.069e-03, Main Loss: 2.069e-03, Range Loss: 0.000e+00, Prox Loss: 0.000e+00, LR: 9.007e-04
2025-10-17 11:16:15,784 - INFO: Epoch [9500/40000], Total Loss: 1.671e-03, Main Loss: 1.671e-03, Range Loss: 0.000e+00, Prox Loss: 0.000e+00, LR: 8.884e-04
2025-10-17 11:16:16,916 - INFO: Epoch [10000/40000], Total Loss: 1.399e-03, Main Loss: 1.399e-03, Range Loss: 0.000e+00, Prox Loss: 0.000e+00, LR: 8.755e-04
2025-10-17 11:16:18,053 - INFO: Epoch [10500/40000], Total Loss: 1.149e-03, Main Loss: 1.149e-03, Range Loss: 0.000e+00, Prox Loss: 0.000e+00, LR: 8.620e-04
2025-10-17 11:16:19,191 - INFO: Epoch [11000/40000], Total Loss: 9.520e-04, Main Loss: 9.520e-04, Range Loss: 0.000e+00, Prox Loss: 0.000e+00, LR: 8.479e-04
2025-10-17 11:16:20,297 - INFO: Epoch [11500/40000], Total Loss: 8.076e-04, Main Loss: 8.076e-04, Range Loss: 0.000e+00, Prox Loss: 0.000e+00, LR: 8.332e-04
2025-10-17 11:16:21,441 - INFO: Epoch [12000/40000], Total Loss: 6.909e-04, Main Loss: 6.909e-04, Range Loss: 0.000e+00, Prox Loss: 0.000e+00, LR: 8.180e-04
2025-10-17 11:16:22,556 - INFO: Epoch [12500/40000], Total Loss: 5.853e-04, Main Loss: 5.853e-04, Range Loss: 0.000e+00, Prox Loss: 0.000e+00, LR: 8.023e-04
2025-10-17 11:16:23,625 - INFO: Epoch [13000/40000], Total Loss: 4.845e-04, Main Loss: 4.845e-04, Range Loss: 0.000e+00, Prox Loss: 0.000e+00, LR: 7.862e-04
2025-10-17 11:16:24,789 - INFO: Epoch [13500/40000], Total Loss: 3.886e-04, Main Loss: 3.886e-04, Range Loss: 0.000e+00, Prox Loss: 0.000e+00, LR: 7.695e-04
2025-10-17 11:16:25,886 - INFO: Epoch [14000/40000], Total Loss: 3.010e-04, Main Loss: 3.010e-04, Range Loss: 0.000e+00, Prox Loss: 0.000e+00, LR: 7.525e-04
2025-10-17 11:16:26,993 - INFO: Epoch [14500/40000], Total Loss: 2.278e-04, Main Loss: 2.278e-04, Range Loss: 0.000e+00, Prox Loss: 0.000e+00, LR: 7.350e-04
2025-10-17 11:16:28,070 - INFO: Epoch [15000/40000], Total Loss: 1.732e-04, Main Loss: 1.732e-04, Range Loss: 0.000e+00, Prox Loss: 0.000e+00, LR: 7.172e-04
2025-10-17 11:16:29,144 - INFO: Epoch [15500/40000], Total Loss: 1.344e-04, Main Loss: 1.344e-04, Range Loss: 0.000e+00, Prox Loss: 0.000e+00, LR: 6.990e-04
2025-10-17 11:16:30,238 - INFO: Epoch [16000/40000], Total Loss: 1.111e-04, Main Loss: 1.111e-04, Range Loss: 0.000e+00, Prox Loss: 0.000e+00, LR: 6.805e-04
2025-10-17 11:16:31,360 - INFO: Epoch [16500/40000], Total Loss: 1.005e-04, Main Loss: 1.005e-04, Range Loss: 0.000e+00, Prox Loss: 0.000e+00, LR: 6.617e-04
2025-10-17 11:16:32,441 - INFO: Epoch [17000/40000], Total Loss: 8.579e-05, Main Loss: 8.579e-05, Range Loss: 0.000e+00, Prox Loss: 0.000e+00, LR: 6.427e-04
2025-10-17 11:16:33,708 - INFO: Epoch [17500/40000], Total Loss: 8.089e-05, Main Loss: 8.089e-05, Range Loss: 0.000e+00, Prox Loss: 0.000e+00, LR: 6.234e-04
2025-10-17 11:16:34,815 - INFO: Epoch [18000/40000], Total Loss: 7.817e-05, Main Loss: 7.817e-05, Range Loss: 0.000e+00, Prox Loss: 0.000e+00, LR: 6.040e-04
2025-10-17 11:16:35,938 - INFO: Epoch [18500/40000], Total Loss: 6.848e-05, Main Loss: 6.848e-05, Range Loss: 0.000e+00, Prox Loss: 0.000e+00, LR: 5.844e-04
2025-10-17 11:16:37,000 - INFO: Epoch [19000/40000], Total Loss: 6.598e-05, Main Loss: 6.598e-05, Range Loss: 0.000e+00, Prox Loss: 0.000e+00, LR: 5.646e-04
2025-10-17 11:16:38,314 - INFO: Epoch [19500/40000], Total Loss: 6.313e-05, Main Loss: 6.221e-05, Range Loss: 0.000e+00, Prox Loss: 9.157e-07, LR: 5.448e-04
2025-10-17 11:16:39,430 - INFO: Epoch [20000/40000], Total Loss: 6.178e-05, Main Loss: 6.178e-05, Range Loss: 0.000e+00, Prox Loss: 0.000e+00, LR: 5.249e-04
2025-10-17 11:16:40,530 - INFO: Epoch [20500/40000], Total Loss: 5.885e-05, Main Loss: 5.885e-05, Range Loss: 0.000e+00, Prox Loss: 0.000e+00, LR: 5.050e-04
2025-10-17 11:16:41,581 - INFO: Epoch [21000/40000], Total Loss: 5.670e-05, Main Loss: 5.670e-05, Range Loss: 0.000e+00, Prox Loss: 0.000e+00, LR: 4.850e-04
2025-10-17 11:16:42,782 - INFO: Epoch [21500/40000], Total Loss: 5.912e-05, Main Loss: 5.912e-05, Range Loss: 0.000e+00, Prox Loss: 0.000e+00, LR: 4.651e-04
2025-10-17 11:16:43,849 - INFO: Epoch [22000/40000], Total Loss: 5.611e-05, Main Loss: 5.611e-05, Range Loss: 0.000e+00, Prox Loss: 0.000e+00, LR: 4.453e-04
2025-10-17 11:16:44,892 - INFO: Epoch [22500/40000], Total Loss: 5.490e-05, Main Loss: 5.490e-05, Range Loss: 0.000e+00, Prox Loss: 0.000e+00, LR: 4.256e-04
2025-10-17 11:16:45,977 - INFO: Epoch [23000/40000], Total Loss: 5.375e-05, Main Loss: 5.375e-05, Range Loss: 0.000e+00, Prox Loss: 0.000e+00, LR: 4.059e-04
2025-10-17 11:16:47,056 - INFO: Epoch [23500/40000], Total Loss: 5.596e-05, Main Loss: 5.596e-05, Range Loss: 0.000e+00, Prox Loss: 0.000e+00, LR: 3.865e-04
2025-10-17 11:16:48,444 - INFO: Epoch [24000/40000], Total Loss: 5.444e-05, Main Loss: 5.444e-05, Range Loss: 0.000e+00, Prox Loss: 0.000e+00, LR: 3.672e-04
2025-10-17 11:16:49,542 - INFO: Epoch [24500/40000], Total Loss: 5.232e-05, Main Loss: 5.232e-05, Range Loss: 0.000e+00, Prox Loss: 0.000e+00, LR: 3.482e-04
2025-10-17 11:16:50,653 - INFO: Epoch [25000/40000], Total Loss: 5.201e-05, Main Loss: 5.201e-05, Range Loss: 0.000e+00, Prox Loss: 0.000e+00, LR: 3.294e-04
2025-10-17 11:16:51,775 - INFO: Epoch [25500/40000], Total Loss: 5.214e-05, Main Loss: 5.214e-05, Range Loss: 0.000e+00, Prox Loss: 0.000e+00, LR: 3.109e-04
2025-10-17 11:16:52,838 - INFO: Epoch [26000/40000], Total Loss: 5.241e-05, Main Loss: 5.241e-05, Range Loss: 0.000e+00, Prox Loss: 0.000e+00, LR: 2.928e-04
2025-10-17 11:16:53,895 - INFO: Epoch [26500/40000], Total Loss: 5.343e-05, Main Loss: 5.343e-05, Range Loss: 0.000e+00, Prox Loss: 0.000e+00, LR: 2.749e-04
2025-10-17 11:16:55,011 - INFO: Epoch [27000/40000], Total Loss: 4.985e-05, Main Loss: 4.985e-05, Range Loss: 0.000e+00, Prox Loss: 0.000e+00, LR: 2.575e-04
2025-10-17 11:16:56,108 - INFO: Epoch [27500/40000], Total Loss: 4.950e-05, Main Loss: 4.950e-05, Range Loss: 0.000e+00, Prox Loss: 0.000e+00, LR: 2.404e-04
2025-10-17 11:16:57,137 - INFO: Epoch [28000/40000], Total Loss: 4.874e-05, Main Loss: 4.874e-05, Range Loss: 0.000e+00, Prox Loss: 0.000e+00, LR: 2.238e-04
2025-10-17 11:16:58,444 - INFO: Epoch [28500/40000], Total Loss: 4.813e-05, Main Loss: 4.813e-05, Range Loss: 0.000e+00, Prox Loss: 0.000e+00, LR: 2.076e-04
2025-10-17 11:16:59,576 - INFO: Epoch [29000/40000], Total Loss: 4.806e-05, Main Loss: 4.806e-05, Range Loss: 0.000e+00, Prox Loss: 0.000e+00, LR: 1.919e-04
2025-10-17 11:17:00,686 - INFO: Epoch [29500/40000], Total Loss: 4.778e-05, Main Loss: 4.778e-05, Range Loss: 0.000e+00, Prox Loss: 0.000e+00, LR: 1.767e-04
2025-10-17 11:17:01,744 - INFO: Epoch [30000/40000], Total Loss: 4.741e-05, Main Loss: 4.741e-05, Range Loss: 0.000e+00, Prox Loss: 0.000e+00, LR: 1.621e-04
2025-10-17 11:17:02,807 - INFO: Epoch [30500/40000], Total Loss: 4.698e-05, Main Loss: 4.698e-05, Range Loss: 0.000e+00, Prox Loss: 0.000e+00, LR: 1.480e-04
2025-10-17 11:17:03,895 - INFO: Epoch [31000/40000], Total Loss: 4.675e-05, Main Loss: 4.675e-05, Range Loss: 0.000e+00, Prox Loss: 0.000e+00, LR: 1.345e-04
2025-10-17 11:17:04,956 - INFO: Epoch [31500/40000], Total Loss: 4.634e-05, Main Loss: 4.634e-05, Range Loss: 0.000e+00, Prox Loss: 0.000e+00, LR: 1.215e-04
2025-10-17 11:17:06,025 - INFO: Epoch [32000/40000], Total Loss: 4.628e-05, Main Loss: 4.628e-05, Range Loss: 0.000e+00, Prox Loss: 0.000e+00, LR: 1.093e-04
2025-10-17 11:17:07,100 - INFO: Epoch [32500/40000], Total Loss: 4.582e-05, Main Loss: 4.582e-05, Range Loss: 0.000e+00, Prox Loss: 0.000e+00, LR: 9.760e-05
2025-10-17 11:17:08,182 - INFO: Epoch [33000/40000], Total Loss: 4.514e-05, Main Loss: 4.514e-05, Range Loss: 0.000e+00, Prox Loss: 0.000e+00, LR: 8.661e-05
2025-10-17 11:17:09,235 - INFO: Epoch [33500/40000], Total Loss: 4.480e-05, Main Loss: 4.480e-05, Range Loss: 0.000e+00, Prox Loss: 0.000e+00, LR: 7.630e-05
2025-10-17 11:17:10,267 - INFO: Epoch [34000/40000], Total Loss: 4.449e-05, Main Loss: 4.449e-05, Range Loss: 0.000e+00, Prox Loss: 0.000e+00, LR: 6.668e-05
2025-10-17 11:17:11,315 - INFO: Epoch [34500/40000], Total Loss: 4.442e-05, Main Loss: 4.442e-05, Range Loss: 0.000e+00, Prox Loss: 0.000e+00, LR: 5.777e-05
2025-10-17 11:17:12,364 - INFO: Epoch [35000/40000], Total Loss: 4.426e-05, Main Loss: 4.426e-05, Range Loss: 0.000e+00, Prox Loss: 0.000e+00, LR: 4.959e-05
2025-10-17 11:17:13,430 - INFO: Epoch [35500/40000], Total Loss: 4.401e-05, Main Loss: 4.401e-05, Range Loss: 0.000e+00, Prox Loss: 0.000e+00, LR: 4.215e-05
2025-10-17 11:17:14,529 - INFO: Epoch [36000/40000], Total Loss: 4.367e-05, Main Loss: 4.367e-05, Range Loss: 0.000e+00, Prox Loss: 0.000e+00, LR: 3.546e-05
2025-10-17 11:17:15,561 - INFO: Epoch [36500/40000], Total Loss: 4.356e-05, Main Loss: 4.356e-05, Range Loss: 0.000e+00, Prox Loss: 0.000e+00, LR: 2.953e-05
2025-10-17 11:17:16,606 - INFO: Epoch [37000/40000], Total Loss: 4.339e-05, Main Loss: 4.339e-05, Range Loss: 0.000e+00, Prox Loss: 0.000e+00, LR: 2.437e-05
2025-10-17 11:17:17,665 - INFO: Epoch [37500/40000], Total Loss: 4.318e-05, Main Loss: 4.318e-05, Range Loss: 0.000e+00, Prox Loss: 0.000e+00, LR: 2.000e-05
2025-10-17 11:17:18,689 - INFO: Epoch [38000/40000], Total Loss: 4.310e-05, Main Loss: 4.310e-05, Range Loss: 0.000e+00, Prox Loss: 0.000e+00, LR: 1.640e-05
2025-10-17 11:17:19,730 - INFO: Epoch [38500/40000], Total Loss: 4.290e-05, Main Loss: 4.290e-05, Range Loss: 0.000e+00, Prox Loss: 0.000e+00, LR: 1.360e-05
2025-10-17 11:17:20,783 - INFO: Epoch [39000/40000], Total Loss: 4.282e-05, Main Loss: 4.282e-05, Range Loss: 0.000e+00, Prox Loss: 0.000e+00, LR: 1.160e-05
2025-10-17 11:17:21,864 - INFO: Epoch [39500/40000], Total Loss: 4.270e-05, Main Loss: 4.270e-05, Range Loss: 0.000e+00, Prox Loss: 0.000e+00, LR: 1.040e-05
2025-10-17 11:17:22,891 - INFO: Epoch [39999/40000], Total Loss: 4.255e-05, Main Loss: 4.255e-05, Range Loss: 0.000e+00, Prox Loss: 0.000e+00, LR: 1.000e-05
2025-10-17 11:17:22,916 - INFO: MAE: 0.0037738942, MSE: 0.0000425532,
2025-10-17 11:17:22,916 - INFO: Model saved to log/rsqrt/8entry.pt
2025-10-17 11:17:22,916 - INFO: Training results saved to log/rsqrt/8entry.json
