2025-10-17 10:45:05,672 - INFO: --- Training Interval[0]: (-4.0, -2.94140625) ---
2025-10-17 10:45:05,675 - INFO:   Interval 0, Epoch    0, Loss: 1.174e-03, LR: 1.00e-03
2025-10-17 10:45:06,565 - INFO:   Interval 0, Epoch  500, Loss: 4.035e-04, LR: 9.75e-04
2025-10-17 10:45:07,351 - INFO:   Interval 0, Epoch 1000, Loss: 4.395e-04, LR: 9.04e-04
2025-10-17 10:45:08,166 - INFO:   Interval 0, Epoch 1500, Loss: 4.035e-04, LR: 7.94e-04
2025-10-17 10:45:08,933 - INFO:   Interval 0, Epoch 2000, Loss: 4.395e-04, LR: 6.55e-04
2025-10-17 10:45:09,713 - INFO:   Interval 0, Epoch 2500, Loss: 4.190e-04, LR: 5.00e-04
2025-10-17 10:45:10,523 - INFO:   Interval 0, Epoch 3000, Loss: 4.571e-04, LR: 3.46e-04
2025-10-17 10:45:11,297 - INFO:   Interval 0, Epoch 3500, Loss: 4.190e-04, LR: 2.07e-04
2025-10-17 10:45:12,091 - INFO:   Interval 0, Epoch 4000, Loss: 4.571e-04, LR: 9.62e-05
2025-10-17 10:45:12,892 - INFO:   Interval 0, Epoch 4500, Loss: 4.190e-04, LR: 2.54e-05
2025-10-17 10:45:13,786 - INFO:   Interval 0, Epoch 4999, Loss: 4.190e-04, LR: 1.00e-06
2025-10-17 10:45:13,787 - INFO: --- Training Interval[1]: (-2.94140625, -2.1015625) ---
2025-10-17 10:45:13,789 - INFO:   Interval 1, Epoch    0, Loss: 4.276e-03, LR: 1.00e-03
2025-10-17 10:45:14,622 - INFO:   Interval 1, Epoch  500, Loss: 1.609e-03, LR: 9.75e-04
2025-10-17 10:45:15,439 - INFO:   Interval 1, Epoch 1000, Loss: 1.600e-03, LR: 9.04e-04
2025-10-17 10:45:16,243 - INFO:   Interval 1, Epoch 1500, Loss: 1.609e-03, LR: 7.94e-04
2025-10-17 10:45:17,117 - INFO:   Interval 1, Epoch 2000, Loss: 1.597e-03, LR: 6.55e-04
2025-10-17 10:45:17,906 - INFO:   Interval 1, Epoch 2500, Loss: 1.609e-03, LR: 5.00e-04
2025-10-17 10:45:18,676 - INFO:   Interval 1, Epoch 3000, Loss: 1.609e-03, LR: 3.46e-04
2025-10-17 10:45:19,456 - INFO:   Interval 1, Epoch 3500, Loss: 1.597e-03, LR: 2.07e-04
2025-10-17 10:45:20,331 - INFO:   Interval 1, Epoch 4000, Loss: 1.609e-03, LR: 9.62e-05
2025-10-17 10:45:21,176 - INFO:   Interval 1, Epoch 4500, Loss: 1.609e-03, LR: 2.54e-05
2025-10-17 10:45:22,068 - INFO:   Interval 1, Epoch 4999, Loss: 1.597e-03, LR: 1.00e-06
2025-10-17 10:45:22,068 - INFO: --- Training Interval[2]: (-2.1015625, -0.78125) ---
2025-10-17 10:45:22,070 - INFO:   Interval 2, Epoch    0, Loss: 5.196e-03, LR: 1.00e-03
2025-10-17 10:45:22,946 - INFO:   Interval 2, Epoch  500, Loss: 2.386e-03, LR: 9.75e-04
2025-10-17 10:45:23,718 - INFO:   Interval 2, Epoch 1000, Loss: 2.438e-03, LR: 9.04e-04
2025-10-17 10:45:24,486 - INFO:   Interval 2, Epoch 1500, Loss: 2.378e-03, LR: 7.94e-04
2025-10-17 10:45:25,275 - INFO:   Interval 2, Epoch 2000, Loss: 2.438e-03, LR: 6.55e-04
2025-10-17 10:45:26,000 - INFO:   Interval 2, Epoch 2500, Loss: 2.438e-03, LR: 5.00e-04
2025-10-17 10:45:26,821 - INFO:   Interval 2, Epoch 3000, Loss: 2.378e-03, LR: 3.46e-04
2025-10-17 10:45:27,609 - INFO:   Interval 2, Epoch 3500, Loss: 2.378e-03, LR: 2.07e-04
2025-10-17 10:45:28,428 - INFO:   Interval 2, Epoch 4000, Loss: 2.386e-03, LR: 9.62e-05
2025-10-17 10:45:29,248 - INFO:   Interval 2, Epoch 4500, Loss: 2.386e-03, LR: 2.54e-05
2025-10-17 10:45:30,056 - INFO:   Interval 2, Epoch 4999, Loss: 2.378e-03, LR: 1.00e-06
2025-10-17 10:45:30,056 - INFO: --- Training Interval[3]: (-0.78125, -0.2578125) ---
2025-10-17 10:45:30,059 - INFO:   Interval 3, Epoch    0, Loss: 1.370e-02, LR: 1.00e-03
2025-10-17 10:45:30,903 - INFO:   Interval 3, Epoch  500, Loss: 5.146e-03, LR: 9.75e-04
2025-10-17 10:45:31,672 - INFO:   Interval 3, Epoch 1000, Loss: 5.146e-03, LR: 9.04e-04
2025-10-17 10:45:32,473 - INFO:   Interval 3, Epoch 1500, Loss: 5.146e-03, LR: 7.94e-04
2025-10-17 10:45:33,261 - INFO:   Interval 3, Epoch 2000, Loss: 5.146e-03, LR: 6.55e-04
2025-10-17 10:45:34,152 - INFO:   Interval 3, Epoch 2500, Loss: 5.146e-03, LR: 5.00e-04
2025-10-17 10:45:34,959 - INFO:   Interval 3, Epoch 3000, Loss: 5.146e-03, LR: 3.46e-04
2025-10-17 10:45:35,766 - INFO:   Interval 3, Epoch 3500, Loss: 5.146e-03, LR: 2.07e-04
2025-10-17 10:45:36,530 - INFO:   Interval 3, Epoch 4000, Loss: 5.146e-03, LR: 9.62e-05
2025-10-17 10:45:37,325 - INFO:   Interval 3, Epoch 4500, Loss: 5.146e-03, LR: 2.54e-05
2025-10-17 10:45:38,072 - INFO:   Interval 3, Epoch 4999, Loss: 5.146e-03, LR: 1.00e-06
2025-10-17 10:45:38,072 - INFO: --- Training Interval[4]: (-0.2578125, 0.2265625) ---
2025-10-17 10:45:38,078 - INFO:   Interval 4, Epoch    0, Loss: 1.528e-02, LR: 1.00e-03
2025-10-17 10:45:38,860 - INFO:   Interval 4, Epoch  500, Loss: 5.818e-03, LR: 9.75e-04
2025-10-17 10:45:39,595 - INFO:   Interval 4, Epoch 1000, Loss: 5.818e-03, LR: 9.04e-04
2025-10-17 10:45:40,387 - INFO:   Interval 4, Epoch 1500, Loss: 5.818e-03, LR: 7.94e-04
2025-10-17 10:45:41,255 - INFO:   Interval 4, Epoch 2000, Loss: 5.818e-03, LR: 6.55e-04
2025-10-17 10:45:41,996 - INFO:   Interval 4, Epoch 2500, Loss: 5.818e-03, LR: 5.00e-04
2025-10-17 10:45:42,914 - INFO:   Interval 4, Epoch 3000, Loss: 5.818e-03, LR: 3.46e-04
2025-10-17 10:45:43,749 - INFO:   Interval 4, Epoch 3500, Loss: 5.818e-03, LR: 2.07e-04
2025-10-17 10:45:44,549 - INFO:   Interval 4, Epoch 4000, Loss: 5.818e-03, LR: 9.62e-05
2025-10-17 10:45:45,381 - INFO:   Interval 4, Epoch 4500, Loss: 5.818e-03, LR: 2.54e-05
2025-10-17 10:45:46,222 - INFO:   Interval 4, Epoch 4999, Loss: 5.818e-03, LR: 1.00e-06
2025-10-17 10:45:46,222 - INFO: --- Training Interval[5]: (0.2265625, 0.765625) ---
2025-10-17 10:45:46,224 - INFO:   Interval 5, Epoch    0, Loss: 1.500e-02, LR: 1.00e-03
2025-10-17 10:45:47,004 - INFO:   Interval 5, Epoch  500, Loss: 5.598e-03, LR: 9.75e-04
2025-10-17 10:45:47,770 - INFO:   Interval 5, Epoch 1000, Loss: 5.599e-03, LR: 9.04e-04
2025-10-17 10:45:48,565 - INFO:   Interval 5, Epoch 1500, Loss: 5.598e-03, LR: 7.94e-04
2025-10-17 10:45:49,335 - INFO:   Interval 5, Epoch 2000, Loss: 5.667e-03, LR: 6.55e-04
2025-10-17 10:45:50,121 - INFO:   Interval 5, Epoch 2500, Loss: 5.599e-03, LR: 5.00e-04
2025-10-17 10:45:50,871 - INFO:   Interval 5, Epoch 3000, Loss: 5.599e-03, LR: 3.46e-04
2025-10-17 10:45:51,671 - INFO:   Interval 5, Epoch 3500, Loss: 5.598e-03, LR: 2.07e-04
2025-10-17 10:45:52,448 - INFO:   Interval 5, Epoch 4000, Loss: 5.598e-03, LR: 9.62e-05
2025-10-17 10:45:53,258 - INFO:   Interval 5, Epoch 4500, Loss: 5.599e-03, LR: 2.54e-05
2025-10-17 10:45:54,092 - INFO:   Interval 5, Epoch 4999, Loss: 5.598e-03, LR: 1.00e-06
2025-10-17 10:45:54,092 - INFO: --- Training Interval[6]: (0.765625, 2.0) ---
2025-10-17 10:45:54,094 - INFO:   Interval 6, Epoch    0, Loss: 5.957e-03, LR: 1.00e-03
2025-10-17 10:45:54,888 - INFO:   Interval 6, Epoch  500, Loss: 2.626e-03, LR: 9.75e-04
2025-10-17 10:45:55,767 - INFO:   Interval 6, Epoch 1000, Loss: 2.626e-03, LR: 9.04e-04
2025-10-17 10:45:56,660 - INFO:   Interval 6, Epoch 1500, Loss: 2.897e-03, LR: 7.94e-04
2025-10-17 10:45:57,444 - INFO:   Interval 6, Epoch 2000, Loss: 3.544e-03, LR: 6.55e-04
2025-10-17 10:45:58,255 - INFO:   Interval 6, Epoch 2500, Loss: 2.626e-03, LR: 5.00e-04
2025-10-17 10:45:59,047 - INFO:   Interval 6, Epoch 3000, Loss: 2.626e-03, LR: 3.46e-04
2025-10-17 10:45:59,904 - INFO:   Interval 6, Epoch 3500, Loss: 2.626e-03, LR: 2.07e-04
2025-10-17 10:46:00,723 - INFO:   Interval 6, Epoch 4000, Loss: 2.626e-03, LR: 9.62e-05
2025-10-17 10:46:01,550 - INFO:   Interval 6, Epoch 4500, Loss: 2.626e-03, LR: 2.54e-05
2025-10-17 10:46:02,428 - INFO:   Interval 6, Epoch 4999, Loss: 2.626e-03, LR: 1.00e-06
2025-10-17 10:46:04,461 - INFO: Final MAE: 2.714e-03, MSE: 1.752e-05
2025-10-17 10:46:04,464 - INFO: Deployable parameters saved to: log/gelu/qpwl_e7b11.json
